This is pdfTeX, Version 3.141592653-2.6-1.40.28 (MiKTeX 25.12) (preloaded format=pdflatex 2026.6.27)  27 JUN 2026 21:54
entering extended mode
 restricted \write18 enabled.
 file:line:error style messages enabled.
 %&-line parsing enabled.
**c:/Users/Branco/Desktop/Informe-Tesis-Branco-Garc-a/tesis-usach.tex
(c:/Users/Branco/Desktop/Informe-Tesis-Branco-Garc-a/tesis-usach.tex
LaTeX2e <2025-11-01>
L3 programming layer <2025-12-24>
(tesis-usach.cls
Document Class: tesis-usach 2015/12/30 Template Thesis USACH
(C:\Users\Branco\AppData\Local\Programs\MiKTeX\tex/latex/base\book.cls
Document Class: book 2025/01/22 v1.4n Standard LaTeX document class
(C:\Users\Branco\AppData\Local\Programs\MiKTeX\tex/latex/base\bk10.clo
File: bk10.clo 2025/01/22 v1.4n Standard LaTeX file (size option)
)
\c@part=\count275
\c@chapter=\count276
\c@section=\count277
\c@subsection=\count278
\c@subsubsection=\count279
\c@paragraph=\count280
\c@subparagraph=\count281
\c@figure=\count282
\c@table=\count283
\abovecaptionskip=\skip49
\belowcaptionskip=\skip50
\bibindent=\dimen148
) (C:\Users\Branco\AppData\Local\Programs\MiKTeX\tex/generic/iftex\iftex.sty
Package: iftex 2024/12/12 v1.0g TeX engine tests
) (C:\Users\Branco\AppData\Local\Programs\MiKTeX\tex/latex/base\fontenc.sty
Package: fontenc 2025/07/18 v2.1d Standard LaTeX package
) (C:\Users\Branco\AppData\Local\Programs\MiKTeX\tex/latex/base\inputenc.sty
Package: inputenc 2024/02/08 v1.3d Input encoding file
\inpenc@prehook=\toks17
\inpenc@posthook=\toks18
) (C:\Users\Branco\AppData\Local\Programs\MiKTeX\tex/latex/psnfss\helvet.sty
Package: helvet 2020/03/25 PSNFSS-v9.3 (WaS) 
 (C:\Users\Branco\AppData\Local\Programs\MiKTeX\tex/latex/graphics\keyval.sty
Package: keyval 2022/05/29 v1.15 key=value parser (DPC)
\KV@toks@=\toks19
)) (C:\Users\Branco\AppData\Local\Programs\MiKTeX\tex/generic/babel\babel.sty
Package: babel 2025/12/11 v25.17 The multilingual framework for LuaLaTeX, pdfLaTeX and XeLaTeX
\babel@savecnt=\count284
LaTeX Encoding Info:    Redeclaring text command \ij (encoding OT1) on input line 2068.
LaTeX Encoding Info:    Redeclaring text command \IJ (encoding OT1) on input line 2070.
LaTeX Encoding Info:    Redeclaring text command \ij (encoding T1) on input line 2072.
LaTeX Encoding Info:    Redeclaring text command \IJ (encoding T1) on input line 2073.
LaTeX Encoding Info:    Ignoring declaration for text command \ij (encoding ?) on input line 2074.
LaTeX Encoding Info:    Ignoring declaration for text command \IJ (encoding ?) on input line 2076.
LaTeX Encoding Info:    Ignoring declaration for text command \SS (encoding ?) on input line 2101.
\U@D=\dimen149
\l@unhyphenated=\language79
 (C:\Users\Branco\AppData\Local\Programs\MiKTeX\tex/generic/babel\txtbabel.def)
\bbl@readstream=\read2
\bbl@dirlevel=\count285
Package babel Info: Configuration files are deprecated, as
(babel)             they can break document portability.
(babel)             Reported on input line 4196.

*************************************
* Local config file bblopts.cfg used
*
(C:\Users\Branco\AppData\Local\Programs\MiKTeX\tex/latex/arabi\bblopts.cfg
File: bblopts.cfg 2005/09/08 v0.1 add Arabic and Farsi to "declared" options of babel
) (C:\Users\Branco\AppData\Local\Programs\MiKTeX\tex/generic/babel/locale/en\babel-english.tex)
Package babel Info: Importing font and identification data for english
(babel)             from babel-en.ini. Reported on input line 4320.
 (C:\Users\Branco\AppData\Local\Programs\MiKTeX\tex/latex/babel-english\english.ldf
Language: english 2017/06/06 v3.3r English support from the babel system
Package babel Info: Hyphen rules for 'canadian' set to \l@english
(babel)             (\language0). Reported on input line 102.
Package babel Info: Hyphen rules for 'australian' set to \l@ukenglish
(babel)             (\language73). Reported on input line 105.
Package babel Info: Hyphen rules for 'newzealand' set to \l@ukenglish
(babel)             (\language73). Reported on input line 108.
)) (C:\Users\Branco\AppData\Local\Programs\MiKTeX\tex/latex/fancybox\fancybox.sty
Package: fancybox 2010/05/15 1.4

Style option: `fancybox' v1.4 <2010/05/15> (tvz)
\@fancybox=\box53
\shadowsize=\dimen150
\@Sbox=\box54
\do@VerbBox=\toks20
\the@fancyput=\toks21
\this@fancyput=\toks22
\EndVerbatimTokens=\toks23
\Verbatim@Outfile=\write3
\Verbatim@Infile=\read3
) (C:\Users\Branco\AppData\Local\Programs\MiKTeX\tex/latex/fancyhdr\fancyhdr.sty
Package: fancyhdr 2025/02/07 v5.2 Extensive control of page headers and footers
\f@nch@headwidth=\skip51
\f@nch@offset@elh=\skip52
\f@nch@offset@erh=\skip53
\f@nch@offset@olh=\skip54
\f@nch@offset@orh=\skip55
\f@nch@offset@elf=\skip56
\f@nch@offset@erf=\skip57
\f@nch@offset@olf=\skip58
\f@nch@offset@orf=\skip59
\f@nch@height=\skip60
\f@nch@footalignment=\skip61
\f@nch@widthL=\skip62
\f@nch@widthC=\skip63
\f@nch@widthR=\skip64
\@temptokenb=\toks24
) (C:\Users\Branco\AppData\Local\Programs\MiKTeX\tex/latex/float\float.sty
Package: float 2001/11/08 v1.3d Float enhancements (AL)
\c@float@type=\count286
\float@exts=\toks25
\float@box=\box55
\@float@everytoks=\toks26
\@floatcapt=\box56
) (C:\Users\Branco\AppData\Local\Programs\MiKTeX\tex/latex/amsfonts\amsfonts.sty
Package: amsfonts 2013/01/14 v3.01 Basic AMSFonts support
\@emptytoks=\toks27
\symAMSa=\mathgroup4
\symAMSb=\mathgroup5
LaTeX Font Info:    Redeclaring math symbol \hbar on input line 98.
LaTeX Font Info:    Overwriting math alphabet `\mathfrak' in version `bold'
(Font)                  U/euf/m/n --> U/euf/b/n on input line 106.
) (C:\Users\Branco\AppData\Local\Programs\MiKTeX\tex/latex/tools\indentfirst.sty
Package: indentfirst 2023/07/02 v1.03 Indent first paragraph (DPC)
) (C:\Users\Branco\AppData\Local\Programs\MiKTeX\tex/latex/amsmath\amsmath.sty
Package: amsmath 2025/07/09 v2.17z AMS math features
\@mathmargin=\skip65

For additional information on amsmath, use the `?' option.
(C:\Users\Branco\AppData\Local\Programs\MiKTeX\tex/latex/amsmath\amstext.sty
Package: amstext 2024/11/17 v2.01 AMS text
 (C:\Users\Branco\AppData\Local\Programs\MiKTeX\tex/latex/amsmath\amsgen.sty
File: amsgen.sty 1999/11/30 v2.0 generic functions
\@emptytoks=\toks28
\ex@=\dimen151
)) (C:\Users\Branco\AppData\Local\Programs\MiKTeX\tex/latex/amsmath\amsbsy.sty
Package: amsbsy 1999/11/29 v1.2d Bold Symbols
\pmbraise@=\dimen152
) (C:\Users\Branco\AppData\Local\Programs\MiKTeX\tex/latex/amsmath\amsopn.sty
Package: amsopn 2022/04/08 v2.04 operator names
)
\inf@bad=\count287
LaTeX Info: Redefining \frac on input line 233.
\uproot@=\count288
\leftroot@=\count289
LaTeX Info: Redefining \overline on input line 398.
LaTeX Info: Redefining \colon on input line 409.
\classnum@=\count290
\DOTSCASE@=\count291
LaTeX Info: Redefining \ldots on input line 495.
LaTeX Info: Redefining \dots on input line 498.
LaTeX Info: Redefining \cdots on input line 619.
\Mathstrutbox@=\box57
\strutbox@=\box58
LaTeX Info: Redefining \big on input line 721.
LaTeX Info: Redefining \Big on input line 722.
LaTeX Info: Redefining \bigg on input line 723.
LaTeX Info: Redefining \Bigg on input line 724.
\big@size=\dimen153
LaTeX Font Info:    Redeclaring font encoding OML on input line 742.
LaTeX Font Info:    Redeclaring font encoding OMS on input line 743.
\macc@depth=\count292
LaTeX Info: Redefining \bmod on input line 904.
LaTeX Info: Redefining \pmod on input line 909.
LaTeX Info: Redefining \smash on input line 939.
LaTeX Info: Redefining \relbar on input line 969.
LaTeX Info: Redefining \Relbar on input line 970.
\c@MaxMatrixCols=\count293
\dotsspace@=\muskip17
\c@parentequation=\count294
\dspbrk@lvl=\count295
\tag@help=\toks29
\row@=\count296
\column@=\count297
\maxfields@=\count298
\andhelp@=\toks30
\eqnshift@=\dimen154
\alignsep@=\dimen155
\tagshift@=\dimen156
\tagwidth@=\dimen157
\totwidth@=\dimen158
\lineht@=\dimen159
\@envbody=\toks31
\multlinegap=\skip66
\multlinetaggap=\skip67
\mathdisplay@stack=\toks32
LaTeX Info: Redefining \[ on input line 2950.
LaTeX Info: Redefining \] on input line 2951.
) (C:\Users\Branco\AppData\Local\Programs\MiKTeX\tex/latex/amsfonts\amssymb.sty
Package: amssymb 2013/01/14 v3.01 AMS font symbols
) (C:\Users\Branco\AppData\Local\Programs\MiKTeX\tex/latex/base\latexsym.sty
Package: latexsym 1998/08/17 v2.2e Standard LaTeX package (lasy symbols)
\symlasy=\mathgroup6
LaTeX Font Info:    Overwriting symbol font `lasy' in version `bold'
(Font)                  U/lasy/m/n --> U/lasy/b/n on input line 52.
) (C:\Users\Branco\AppData\Local\Programs\MiKTeX\tex/latex/amscls\amsthm.sty
Package: amsthm 2020/05/29 v2.20.6
\thm@style=\toks33
\thm@bodyfont=\toks34
\thm@headfont=\toks35
\thm@notefont=\toks36
\thm@headpunct=\toks37
\thm@preskip=\skip68
\thm@postskip=\skip69
\thm@headsep=\skip70
\dth@everypar=\toks38
) (C:\Users\Branco\AppData\Local\Programs\MiKTeX\tex/latex/marvosym\marvosym.sty
Package: marvosym 2011/07/20 v2.2 Martin Vogel's Symbols font definitions
) (C:\Users\Branco\AppData\Local\Programs\MiKTeX\tex/latex/mathcomp\mathcomp.sty
Package: mathcomp 2001/01/07 v0.1f (TBo)
 (C:\Users\Branco\AppData\Local\Programs\MiKTeX\tex/latex/base\textcomp.sty
Package: textcomp 2024/04/24 v2.1b Standard LaTeX package
)
\symTC=\mathgroup7
LaTeX Font Info:    Overwriting symbol font `TC' in version `bold'
(Font)                  TS1/cmr/m/n --> TS1/cmr/bx/n on input line 25.
LaTeX Font Info:    Redeclaring math symbol \dagger on input line 47.
LaTeX Font Info:    Redeclaring math symbol \ddagger on input line 48.
) (C:\Users\Branco\AppData\Local\Programs\MiKTeX\tex/latex/setspace\setspace.sty
Package: setspace 2022/12/04 v6.7b set line spacing
) (C:\Users\Branco\AppData\Local\Programs\MiKTeX\tex/latex/stmaryrd\stmaryrd.sty
Package: stmaryrd 1994/03/03 St Mary's Road symbol package
\symstmry=\mathgroup8
LaTeX Font Info:    Overwriting symbol font `stmry' in version `bold'
(Font)                  U/stmry/m/n --> U/stmry/b/n on input line 89.
) (C:\Users\Branco\AppData\Local\Programs\MiKTeX\tex/latex/units\units.sty
Package: units 1998/08/04 v0.9b Typesetting units
 (C:\Users\Branco\AppData\Local\Programs\MiKTeX\tex/latex/base\ifthen.sty
Package: ifthen 2024/03/16 v1.1e Standard LaTeX ifthen package (DPC)
) (C:\Users\Branco\AppData\Local\Programs\MiKTeX\tex/latex/units\nicefrac.sty
Package: nicefrac 1998/08/04 v0.9b Nice fractions
\L@UnitsRaiseDisplaystyle=\skip71
\L@UnitsRaiseTextstyle=\skip72
\L@UnitsRaiseScriptstyle=\skip73
)) (C:\Users\Branco\AppData\Local\Programs\MiKTeX\tex/latex/was\upgreek.sty
Package: upgreek 2003/02/12 v2.0 (WaS)
Package upgreek Info: Using Euler Roman for upright Greek on input line 31.
\symugrf@m=\mathgroup9
LaTeX Font Info:    Overwriting symbol font `ugrf@m' in version `bold'
(Font)                  U/eur/m/n --> U/eur/b/n on input line 38.
) (C:\Users\Branco\AppData\Local\Programs\MiKTeX\tex/generic/soul\soul.sty
Package: soul 2026-03-06 v3.2 Permit use of UTF-8 characters in soul (HO)
 (C:\Users\Branco\AppData\Local\Programs\MiKTeX\tex/generic/soul\soul-ori.sty
Package: soul-ori 2026-03-06 v3.2 letterspacing/underlining (mf)
\SOUL@word=\toks39
\SOUL@lasttoken=\toks40
\SOUL@syllable=\toks41
\SOUL@cmds=\toks42
\SOUL@buffer=\toks43
\SOUL@token=\toks44
\SOUL@syllgoal=\dimen160
\SOUL@syllwidth=\dimen161
\SOUL@charkern=\dimen162
\SOUL@hyphkern=\dimen163
\SOUL@dimen=\dimen164
\SOUL@dimeni=\dimen165
\SOUL@minus=\count299
\SOUL@comma=\count300
\SOUL@apo=\count301
\SOUL@grave=\count302
\SOUL@spaceskip=\skip74
\SOUL@ttwidth=\dimen166
\SOUL@uldp=\dimen167
\SOUL@ulht=\dimen168
) (C:\Users\Branco\AppData\Local\Programs\MiKTeX\tex/generic/infwarerr\infwarerr.sty
Package: infwarerr 2019/12/03 v1.5 Providing info/warning/error messages (HO)
) (C:\Users\Branco\AppData\Local\Programs\MiKTeX\tex/generic/etexcmds\etexcmds.sty
Package: etexcmds 2019/12/15 v1.7 Avoid name clashes with e-TeX commands (HO)
)) (C:\Users\Branco\AppData\Local\Programs\MiKTeX\tex/latex/tools\verbatim.sty
Package: verbatim 2024-01-22 v1.5x LaTeX2e package for verbatim enhancements
\every@verbatim=\toks45
\verbatim@line=\toks46
\verbatim@in@stream=\read4
) (C:\Users\Branco\AppData\Local\Programs\MiKTeX\tex/latex/fancyvrb\fancyvrb.sty
Package: fancyvrb 2026/04/16 4.6a verbatim text (tvz,hv)
\FV@CodeLineNo=\count303
\FV@InFile=\read5
\FV@TabBox=\box59
\c@FancyVerbLine=\count304
\FV@StepNumber=\count305
\FV@OutFile=\write4
LaTeX Info: Redefining \UseVerb on input line 1230.
) (C:\Users\Branco\AppData\Local\Programs\MiKTeX\tex/latex/tools\enumerate.sty
Package: enumerate 2023/07/04 v3.00 enumerate extensions (DPC)
\@enLab=\toks47
) (C:\Users\Branco\AppData\Local\Programs\MiKTeX\tex/latex/graphics\graphicx.sty
Package: graphicx 2024/12/31 v1.2e Enhanced LaTeX Graphics (DPC,SPQR)
 (C:\Users\Branco\AppData\Local\Programs\MiKTeX\tex/latex/graphics\graphics.sty
Package: graphics 2024/08/06 v1.4g Standard LaTeX Graphics (DPC,SPQR)
 (C:\Users\Branco\AppData\Local\Programs\MiKTeX\tex/latex/graphics\trig.sty
Package: trig 2023/12/02 v1.11 sin cos tan (DPC)
) (C:\Users\Branco\AppData\Local\Programs\MiKTeX\tex/latex/graphics-cfg\graphics.cfg
File: graphics.cfg 2016/06/04 v1.11 sample graphics configuration
)
Package graphics Info: Driver file: pdftex.def on input line 106.
 (C:\Users\Branco\AppData\Local\Programs\MiKTeX\tex/latex/graphics-def\pdftex.def
File: pdftex.def 2025/09/29 v1.2d Graphics/color driver for pdftex
))
\Gin@req@height=\dimen169
\Gin@req@width=\dimen170
) (C:\Users\Branco\AppData\Local\Programs\MiKTeX\tex/latex/epsf\epsf.sty
This is `epsf.tex' v2.7.4 <14 February 2011>
\epsffilein=\read6
\epsfframemargin=\dimen171
\epsfframethickness=\dimen172
\epsfrsize=\dimen173
\epsftmp=\dimen174
\epsftsize=\dimen175
\epsfxsize=\dimen176
\epsfysize=\dimen177
\pspoints=\dimen178
) (C:\Users\Branco\AppData\Local\Programs\MiKTeX\tex/latex/psfrag\psfrag.sty
Package: psfrag 1998/04/11 v3.04 PSfrag (MCG)
\pfg@pcount=\count306
\pfg@scount=\count307
\pfg@temp=\write5
) (C:\Users\Branco\AppData\Local\Programs\MiKTeX\tex/latex/eepic\epic.sty
Enhancements to Picture Environment. Version 1.2 - Released June 1, 1986
\@@multicnt=\count308
\d@lta=\count309
\@delta=\dimen179
\@@delta=\dimen180
\@gridcnt=\count310
\@joinkind=\count311
\@dotgap=\dimen181
\@ddotgap=\dimen182
\@x@diff=\count312
\@y@diff=\count313
\x@diff=\dimen183
\y@diff=\dimen184
\@dotbox=\box60
\num@segments=\count314
\num@segmentsi=\count315
\@datafile=\read7
) (C:\Users\Branco\AppData\Local\Programs\MiKTeX\tex/latex/eepic\eepic.sty
Extension to Epic and LaTeX. Version 1.1e - Released Dec 21, 1999
\@gphlinewidth=\count316
\@eepictcnt=\count317
\@tempdimc=\dimen185
\maxovaldiam=\dimen186
\@filltype=\box61
) (C:\Users\Branco\AppData\Local\Programs\MiKTeX\tex/latex/subfig\subfig.sty
Package: subfig 2005/06/28 ver: 1.3 subfig package
 (C:\Users\Branco\AppData\Local\Programs\MiKTeX\tex/latex/caption\caption.sty
Package: caption 2023/08/05 v3.6o Customizing captions (AR)
 (C:\Users\Branco\AppData\Local\Programs\MiKTeX\tex/latex/caption\caption3.sty
Package: caption3 2023/07/31 v2.4d caption3 kernel (AR)
\caption@tempdima=\dimen187
\captionmargin=\dimen188
\caption@leftmargin=\dimen189
\caption@rightmargin=\dimen190
\caption@width=\dimen191
\caption@indent=\dimen192
\caption@parindent=\dimen193
\caption@hangindent=\dimen194
Package caption Info: Standard document class detected.
)
\c@caption@flags=\count318
\c@continuedfloat=\count319
Package caption Info: float package is loaded.
)
\c@KVtest=\count320
\sf@farskip=\skip75
\sf@captopadj=\dimen195
\sf@capskip=\skip76
\sf@nearskip=\skip77
\c@subfigure=\count321
\c@subfigure@save=\count322
\c@lofdepth=\count323
\c@subtable=\count324
\c@subtable@save=\count325
\c@lotdepth=\count326
\sf@top=\skip78
\sf@bottom=\skip79
) (C:\Users\Branco\AppData\Local\Programs\MiKTeX\tex/latex/tocloft\tocloft.sty
Package: tocloft 2017/08/31 v2.3i parameterised ToC, etc., typesetting
Package tocloft Info: The document has chapter divisions on input line 51.
\cftparskip=\skip80
\cftbeforetoctitleskip=\skip81
\cftaftertoctitleskip=\skip82
\cftbeforepartskip=\skip83
\cftpartnumwidth=\skip84
\cftpartindent=\skip85
\cftbeforechapskip=\skip86
\cftchapindent=\skip87
\cftchapnumwidth=\skip88
\cftbeforesecskip=\skip89
\cftsecindent=\skip90
\cftsecnumwidth=\skip91
\cftbeforesubsecskip=\skip92
\cftsubsecindent=\skip93
\cftsubsecnumwidth=\skip94
\cftbeforesubsubsecskip=\skip95
\cftsubsubsecindent=\skip96
\cftsubsubsecnumwidth=\skip97
\cftbeforeparaskip=\skip98
\cftparaindent=\skip99
\cftparanumwidth=\skip100
\cftbeforesubparaskip=\skip101
\cftsubparaindent=\skip102
\cftsubparanumwidth=\skip103
\cftbeforeloftitleskip=\skip104
\cftafterloftitleskip=\skip105
\cftbeforefigskip=\skip106
\cftfigindent=\skip107
\cftfignumwidth=\skip108
\cftbeforelottitleskip=\skip109
\cftafterlottitleskip=\skip110
\cftbeforetabskip=\skip111
\cfttabindent=\skip112
\cfttabnumwidth=\skip113
\cftbeforesubfigskip=\skip114
\cftsubfigindent=\skip115
\cftsubfignumwidth=\skip116
\cftbeforesubtabskip=\skip117
\cftsubtabindent=\skip118
\cftsubtabnumwidth=\skip119
) (C:\Users\Branco\AppData\Local\Programs\MiKTeX\tex/latex/graphics\color.sty
Package: color 2025/01/14 v1.3e Standard LaTeX Color (DPC)
 (C:\Users\Branco\AppData\Local\Programs\MiKTeX\tex/latex/graphics-cfg\color.cfg
File: color.cfg 2016/01/02 v1.6 sample color configuration
)
Package color Info: Driver file: pdftex.def on input line 149.
 (C:\Users\Branco\AppData\Local\Programs\MiKTeX\tex/latex/graphics\mathcolor.ltx)) (C:\Users\Branco\AppData\Local\Programs\MiKTeX\tex/latex/hyperref\hyperref.sty
Package: hyperref 2025-07-12 v7.01o Hypertext links for LaTeX
 (C:\Users\Branco\AppData\Local\Programs\MiKTeX\tex/latex/kvsetkeys\kvsetkeys.sty
Package: kvsetkeys 2022-10-05 v1.19 Key value parser (HO)
) (C:\Users\Branco\AppData\Local\Programs\MiKTeX\tex/generic/kvdefinekeys\kvdefinekeys.sty
Package: kvdefinekeys 2019-12-19 v1.6 Define keys (HO)
) (C:\Users\Branco\AppData\Local\Programs\MiKTeX\tex/generic/pdfescape\pdfescape.sty
Package: pdfescape 2019/12/09 v1.15 Implements pdfTeX's escape features (HO)
 (C:\Users\Branco\AppData\Local\Programs\MiKTeX\tex/generic/ltxcmds\ltxcmds.sty
Package: ltxcmds 2023-12-04 v1.26 LaTeX kernel commands for general use (HO)
) (C:\Users\Branco\AppData\Local\Programs\MiKTeX\tex/generic/pdftexcmds\pdftexcmds.sty
Package: pdftexcmds 2020-06-27 v0.33 Utility functions of pdfTeX for LuaTeX (HO)
Package pdftexcmds Info: \pdf@primitive is available.
Package pdftexcmds Info: \pdf@ifprimitive is available.
Package pdftexcmds Info: \pdfdraftmode found.
)) (C:\Users\Branco\AppData\Local\Programs\MiKTeX\tex/latex/hycolor\hycolor.sty
Package: hycolor 2020-01-27 v1.10 Color options for hyperref/bookmark (HO)
) (C:\Users\Branco\AppData\Local\Programs\MiKTeX\tex/latex/hyperref\nameref.sty
Package: nameref 2025-06-21 v2.57 Cross-referencing by name of section
 (C:\Users\Branco\AppData\Local\Programs\MiKTeX\tex/latex/refcount\refcount.sty
Package: refcount 2019/12/15 v3.6 Data extraction from label references (HO)
) (C:\Users\Branco\AppData\Local\Programs\MiKTeX\tex/generic/gettitlestring\gettitlestring.sty
Package: gettitlestring 2019/12/15 v1.6 Cleanup title references (HO)
 (C:\Users\Branco\AppData\Local\Programs\MiKTeX\tex/latex/kvoptions\kvoptions.sty
Package: kvoptions 2022-06-15 v3.15 Key value format for package options (HO)
))
\c@section@level=\count327
) (C:\Users\Branco\AppData\Local\Programs\MiKTeX\tex/latex/etoolbox\etoolbox.sty
Package: etoolbox 2025/10/02 v2.5m e-TeX tools for LaTeX (JAW)
\etb@tempcnta=\count328
) (C:\Users\Branco\AppData\Local\Programs\MiKTeX\tex/generic/stringenc\stringenc.sty
Package: stringenc 2019/11/29 v1.12 Convert strings between diff. encodings (HO)
)
\@linkdim=\dimen196
\Hy@linkcounter=\count329
\Hy@pagecounter=\count330
 (C:\Users\Branco\AppData\Local\Programs\MiKTeX\tex/latex/hyperref\pd1enc.def
File: pd1enc.def 2025-07-12 v7.01o Hyperref: PDFDocEncoding definition (HO)
Now handling font encoding PD1 ...
... no UTF-8 mapping file for font encoding PD1
) (C:\Users\Branco\AppData\Local\Programs\MiKTeX\tex/generic/intcalc\intcalc.sty
Package: intcalc 2019/12/15 v1.3 Expandable calculations with integers (HO)
)
\Hy@SavedSpaceFactor=\count331
 (C:\Users\Branco\AppData\Local\Programs\MiKTeX\tex/latex/hyperref\puenc.def
File: puenc.def 2025-07-12 v7.01o Hyperref: PDF Unicode definition (HO)
Now handling font encoding PU ...
... no UTF-8 mapping file for font encoding PU
)
Package hyperref Info: Hyper figures OFF on input line 4195.
Package hyperref Info: Link nesting OFF on input line 4200.
Package hyperref Info: Hyper index ON on input line 4203.
Package hyperref Info: Plain pages OFF on input line 4210.
Package hyperref Info: Backreferencing OFF on input line 4215.
Package hyperref Info: Implicit mode ON; LaTeX internals redefined.
Package hyperref Info: Bookmarks ON on input line 4462.
\c@Hy@tempcnt=\count332
 (C:\Users\Branco\AppData\Local\Programs\MiKTeX\tex/latex/url\url.sty
\Urlmuskip=\muskip18
Package: url 2013/09/16  ver 3.4  Verb mode for urls, etc.
)
LaTeX Info: Redefining \url on input line 4801.
\XeTeXLinkMargin=\dimen197
 (C:\Users\Branco\AppData\Local\Programs\MiKTeX\tex/generic/bitset\bitset.sty
Package: bitset 2019/12/09 v1.3 Handle bit-vector datatype (HO)
 (C:\Users\Branco\AppData\Local\Programs\MiKTeX\tex/generic/bigintcalc\bigintcalc.sty
Package: bigintcalc 2019/12/15 v1.5 Expandable calculations on big integers (HO)
))
\Fld@menulength=\count333
\Field@Width=\dimen198
\Fld@charsize=\dimen199
Package hyperref Info: Hyper figures OFF on input line 6078.
Package hyperref Info: Link nesting OFF on input line 6083.
Package hyperref Info: Hyper index ON on input line 6086.
Package hyperref Info: backreferencing OFF on input line 6093.
Package hyperref Info: Link coloring OFF on input line 6098.
Package hyperref Info: Link coloring with OCG OFF on input line 6103.
Package hyperref Info: PDF/A mode OFF on input line 6108.
\Hy@abspage=\count334
\c@Item=\count335
\c@Hfootnote=\count336
)
Package hyperref Info: Driver (autodetected): hpdftex.
 (C:\Users\Branco\AppData\Local\Programs\MiKTeX\tex/latex/hyperref\hpdftex.def
File: hpdftex.def 2025-07-12 v7.01o Hyperref driver for pdfTeX
\Fld@listcount=\count337
\c@bookmark@seq@number=\count338
 (C:\Users\Branco\AppData\Local\Programs\MiKTeX\tex/latex/rerunfilecheck\rerunfilecheck.sty
Package: rerunfilecheck 2025-06-21 v1.11 Rerun checks for auxiliary files (HO)
 (C:\Users\Branco\AppData\Local\Programs\MiKTeX\tex/generic/uniquecounter\uniquecounter.sty
Package: uniquecounter 2019/12/15 v1.4 Provide unlimited unique counter (HO)
)
Package uniquecounter Info: New unique counter `rerunfilecheck' on input line 284.
)
\Hy@SectionHShift=\skip120
) (C:\Users\Branco\AppData\Local\Programs\MiKTeX\tex/latex/hypcap\hypcap.sty
Package: hypcap 2024-07-26 v1.13 Adjusting the anchors of captions (HO)
 (C:\Users\Branco\AppData\Local\Programs\MiKTeX\tex/latex/letltxmacro\letltxmacro.sty
Package: letltxmacro 2019/12/03 v1.6 Let assignment for LaTeX macros (HO)
)) (C:\Users\Branco\AppData\Local\Programs\MiKTeX\tex/latex/multirow\multirow.sty
Package: multirow 2024/11/12 v2.9 Span multiple rows of a table
\multirow@colwidth=\skip121
\multirow@cntb=\count339
\multirow@dima=\skip122
\bigstrutjot=\dimen256
) (C:\Users\Branco\AppData\Local\Programs\MiKTeX\tex/latex/tools\array.sty
Package: array 2025/09/25 v2.6n Tabular extension package (FMi)
\col@sep=\dimen257
\ar@mcellbox=\box62
\extrarowheight=\dimen258
\NC@list=\toks48
\extratabsurround=\skip123
\backup@length=\skip124
\ar@cellbox=\box63
) (C:\Users\Branco\AppData\Local\Programs\MiKTeX\tex/latex/tools\longtable.sty
Package: longtable 2025-10-13 v4.24 Multi-page Table package (DPC)
\LTleft=\skip125
\LTright=\skip126
\LTpre=\skip127
\LTpost=\skip128
\LTchunksize=\count340
\LTcapwidth=\dimen259
\LT@head=\box64
\LT@firsthead=\box65
\LT@foot=\box66
\LT@lastfoot=\box67
\LT@gbox=\box68
\LT@cols=\count341
\LT@rows=\count342
\c@LT@tables=\count343
\c@LT@chunks=\count344
\LT@p@ftn=\toks49
) (C:\Users\Branco\AppData\Local\Programs\MiKTeX\tex/latex/graphics\lscape.sty
Package: lscape 2020/05/28 v3.02 Landscape Pages (DPC)
) (tesis-finales.sty) (C:\Users\Branco\AppData\Local\Programs\MiKTeX\tex/latex/tocbibind\tocbibind.sty
Package: tocbibind 2026/06/01 v1.5l extra ToC listings
Package tocbibind Info: The document has chapter divisions on input line 50.


Package tocbibind Note: Using chapter style headings, unless overridden.

) (C:\Users\Branco\AppData\Local\Programs\MiKTeX\tex/latex/algorithm2e\algorithm2e.sty
Package: algorithm2e 2017/07/18 v5.2 algorithms environments
\c@AlgoLine=\count345
\algocf@hangindent=\skip129
 (C:\Users\Branco\AppData\Local\Programs\MiKTeX\tex/latex/ifoddpage\ifoddpage.sty
Package: ifoddpage 2022/10/18 v1.2 Conditionals for odd/even page detection
\c@checkoddpage=\count346
) (C:\Users\Branco\AppData\Local\Programs\MiKTeX\tex/latex/tools\xspace.sty
Package: xspace 2014/10/28 v1.13 Space after command names (DPC,MH)
) (C:\Users\Branco\AppData\Local\Programs\MiKTeX\tex/latex/relsize\relsize.sty
Package: relsize 2013/03/29 ver 4.1
)
\skiptotal=\skip130
\skiplinenumber=\skip131
\skiprule=\skip132
\skiphlne=\skip133
\skiptext=\skip134
\skiplength=\skip135
\algomargin=\skip136
\skipalgocfslide=\skip137
\algowidth=\dimen260
\inoutsize=\dimen261
\inoutindent=\dimen262
\interspacetitleruled=\dimen263
\interspacealgoruled=\dimen264
\interspacetitleboxruled=\dimen265
\algocf@ruledwidth=\skip138
\algocf@inoutbox=\box69
\algocf@inputbox=\box70
\AlCapSkip=\skip139
\AlCapHSkip=\skip140
\algoskipindent=\skip141
\algocf@nlbox=\box71
\algocf@hangingbox=\box72
\algocf@untilbox=\box73
\algocf@skipuntil=\skip142
\algocf@capbox=\box74
\algocf@lcaptionbox=\skip143
\algoheightruledefault=\skip144
\algoheightrule=\skip145
\algotitleheightruledefault=\skip146
\algotitleheightrule=\skip147
\c@algocfline=\count347
\c@algocfproc=\count348
\c@algocf=\count349
\algocf@algoframe=\box75
\algocf@algobox=\box76
) (C:\Users\Branco\AppData\Local\Programs\MiKTeX\tex/latex/algorithms\algorithmic.sty
Package: algorithmic 2009/08/24 v0.1 Document Style `algorithmic'
\c@ALC@unique=\count350
\c@ALC@line=\count351
\c@ALC@rem=\count352
\c@ALC@depth=\count353
\ALC@tlm=\skip148
\algorithmicindent=\skip149
) (tesis-enumeracion.sty) (C:\Users\Branco\AppData\Local\Programs\MiKTeX\tex/latex/listings\listings.sty
\lst@mode=\count354
\lst@gtempboxa=\box77
\lst@token=\toks50
\lst@length=\count355
\lst@currlwidth=\dimen266
\lst@column=\count356
\lst@pos=\count357
\lst@lostspace=\dimen267
\lst@width=\dimen268
\lst@newlines=\count358
\lst@lineno=\count359
\lst@maxwidth=\dimen269
 (C:\Users\Branco\AppData\Local\Programs\MiKTeX\tex/latex/listings\lstpatch.sty
File: lstpatch.sty 2025/11/14 1.11b (Carsten Heinz)
) (C:\Users\Branco\AppData\Local\Programs\MiKTeX\tex/latex/listings\lstmisc.sty
File: lstmisc.sty 2025/11/14 1.11b (Carsten Heinz)
\c@lstnumber=\count360
\lst@skipnumbers=\count361
\lst@framebox=\box78
) (C:\Users\Branco\AppData\Local\Programs\MiKTeX\tex/latex/listings\listings.cfg
File: listings.cfg 2025/11/14 1.11b listings configuration
))
Package: listings 2025/11/14 1.11b (Carsten Heinz)

==> First Aid for listings.sty no longer applied!
    Expected:
        2024/09/23 1.10c (Carsten Heinz)
    but found:
        2025/11/14 1.11b (Carsten Heinz)
    so I'm assuming it got fixed.
(C:\Users\Branco\AppData\Local\Programs\MiKTeX\tex/latex/listings\lstlang1.sty
File: lstlang1.sty 2025/11/14 1.11b listings language file
) (C:\Users\Branco\AppData\Local\Programs\MiKTeX\tex/latex/xcolor\xcolor.sty
Package: xcolor 2024/09/29 v3.02 LaTeX color extensions (UK)
 (C:\Users\Branco\AppData\Local\Programs\MiKTeX\tex/latex/graphics-cfg\color.cfg
File: color.cfg 2016/01/02 v1.6 sample color configuration
)
Package xcolor Info: Driver file: pdftex.def on input line 274.
LaTeX Info: Redefining \color on input line 762.
 (C:\Users\Branco\AppData\Local\Programs\MiKTeX\tex/latex/graphics\mathcolor.ltx)
Package xcolor Info: Model `cmy' substituted by `cmy0' on input line 1349.
Package xcolor Info: Model `hsb' substituted by `rgb' on input line 1353.
Package xcolor Info: Model `RGB' extended on input line 1365.
Package xcolor Info: Model `HTML' substituted by `rgb' on input line 1367.
Package xcolor Info: Model `Hsb' substituted by `hsb' on input line 1368.
Package xcolor Info: Model `tHsb' substituted by `hsb' on input line 1369.
Package xcolor Info: Model `HSB' substituted by `hsb' on input line 1370.
Package xcolor Info: Model `Gray' substituted by `gray' on input line 1371.
Package xcolor Info: Model `wave' substituted by `hsb' on input line 1372.
) (C:\Users\Branco\AppData\Local\Programs\MiKTeX\tex/latex/colortbl\colortbl.sty
Package: colortbl 2026/05/01 v1.0l Color table columns (DPC)
\everycr=\toks51
\minrowclearance=\skip150
\rownum=\count362
) (C:\Users\Branco\AppData\Local\Programs\MiKTeX\tex/latex/tools\tabularx.sty
Package: tabularx 2023/12/11 v2.12a `tabularx' package (DPC)
\TX@col@width=\dimen270
\TX@old@table=\dimen271
\TX@old@col=\dimen272
\TX@target=\dimen273
\TX@delta=\dimen274
\TX@cols=\count363
\TX@ftn=\toks52
) (C:\Users\Branco\AppData\Local\Programs\MiKTeX\tex/latex/natbib\natbib.sty
Package: natbib 2010/09/13 8.31b (PWD, AO)
\bibhang=\skip151
\bibsep=\skip152
LaTeX Info: Redefining \cite on input line 694.
\c@NAT@ctr=\count364
) (C:\Users\Branco\AppData\Local\Programs\MiKTeX\tex/latex/babelbib\babelbib.sty
Package: babelbib 2021/01/06 v1.34 babelbib: multilingual bibliographies
\c@btxromaniannumeral=\count365
)
\c@teorema=\count366
\c@ejemplo=\count367
\c@definicion=\count368
\c@lema=\count369
 (C:\Users\Branco\AppData\Local\Programs\MiKTeX\tex/latex/titlesec\titlesec.sty
Package: titlesec 2025/01/04 v2.17 Sectioning titles
\ttl@box=\box79
\beforetitleunit=\skip153
\aftertitleunit=\skip154
\ttl@plus=\dimen275
\ttl@minus=\dimen276
\ttl@toksa=\toks53
\titlewidth=\dimen277
\titlewidthlast=\dimen278
\titlewidthfirst=\dimen279
) (C:\Users\Branco\AppData\Local\Programs\MiKTeX\tex/latex/geometry\geometry.sty
Package: geometry 2026/03/07 v6.0 Page Geometry
 (C:\Users\Branco\AppData\Local\Programs\MiKTeX\tex/generic/iftex\ifvtex.sty
Package: ifvtex 2019/10/25 v1.7 ifvtex legacy package. Use iftex instead.
)
\Gm@cnth=\count370
\Gm@cntv=\count371
\c@Gm@tempcnt=\count372
\Gm@bindingoffset=\dimen280
\Gm@wd@mp=\dimen281
\Gm@odd@mp=\dimen282
\Gm@even@mp=\dimen283
\Gm@layoutwidth=\dimen284
\Gm@layoutheight=\dimen285
\Gm@layouthoffset=\dimen286
\Gm@layoutvoffset=\dimen287
\Gm@dimlist=\toks54
 (C:\Users\Branco\AppData\Local\Programs\MiKTeX\tex/latex/geometry\geometry.cfg))
Package hyperref Info: Option `bookmarksopen' set `true' on input line 459.
Package hyperref Info: Option `bookmarksnumbered' set `true' on input line 459.
Package hyperref Info: Option `pdfdisplaydoctitle' set `true' on input line 459.
Package hyperref Info: Option `colorlinks' set `true' on input line 459.
)
LaTeX Font Info:    Trying to load font information for T1+phv on input line 10.
 (C:\Users\Branco\AppData\Local\Programs\MiKTeX\tex/latex/psnfss\t1phv.fd
File: t1phv.fd 2020/03/25 scalable font definitions for T1/phv.
) (C:\Users\Branco\AppData\Local\Programs\MiKTeX\tex/latex/l3backend\l3backend-pdftex.def
File: l3backend-pdftex.def 2025-10-09 L3 backend support: PDF output (pdfTeX)
\l__color_backend_stack_int=\count373
) (tesis-usach.aux (preliminares/cubierta.aux) (preliminares/abstract.aux))
\openout1 = `tesis-usach.aux'.

LaTeX Font Info:    Checking defaults for OML/cmm/m/it on input line 10.
LaTeX Font Info:    ... okay on input line 10.
LaTeX Font Info:    Checking defaults for OMS/cmsy/m/n on input line 10.
LaTeX Font Info:    ... okay on input line 10.
LaTeX Font Info:    Checking defaults for OT1/cmr/m/n on input line 10.
LaTeX Font Info:    ... okay on input line 10.
LaTeX Font Info:    Checking defaults for T1/cmr/m/n on input line 10.
LaTeX Font Info:    ... okay on input line 10.
LaTeX Font Info:    Checking defaults for TS1/cmr/m/n on input line 10.
LaTeX Font Info:    ... okay on input line 10.
LaTeX Font Info:    Checking defaults for OMX/cmex/m/n on input line 10.
LaTeX Font Info:    ... okay on input line 10.
LaTeX Font Info:    Checking defaults for U/cmr/m/n on input line 10.
LaTeX Font Info:    ... okay on input line 10.
LaTeX Font Info:    Checking defaults for PD1/pdf/m/n on input line 10.
LaTeX Font Info:    ... okay on input line 10.
LaTeX Font Info:    Checking defaults for PU/pdf/m/n on input line 10.
LaTeX Font Info:    ... okay on input line 10.
 (C:\Users\Branco\AppData\Local\Programs\MiKTeX\tex/context/base/mkii\supp-pdf.mkii
[Loading MPS to PDF converter (version 2006.09.02).]
\scratchcounter=\count374
\scratchdimen=\dimen288
\scratchbox=\box80
\nofMPsegments=\count375
\nofMParguments=\count376
\everyMPshowfont=\toks55
\MPscratchCnt=\count377
\MPscratchDim=\dimen289
\MPnumerator=\count378
\makeMPintoPDFobject=\count379
\everyMPtoPDFconversion=\toks56
) (C:\Users\Branco\AppData\Local\Programs\MiKTeX\tex/latex/epstopdf-pkg\epstopdf-base.sty
Package: epstopdf-base 2020-01-24 v2.11 Base part for package epstopdf
Package epstopdf-base Info: Redefining graphics rule for `.eps' on input line 485.
 (C:\Users\Branco\AppData\Local\Programs\MiKTeX\tex/latex/00miktex\epstopdf-sys.cfg
File: epstopdf-sys.cfg 2021/03/18 v2.0 Configuration of epstopdf for MiKTeX
))
Package caption Info: Begin \AtBeginDocument code.
Package caption Info: subfig package v1.3 is loaded.
Package caption Info: hyperref package is loaded.
Package caption Info: hypcap package is loaded.
Package caption Info: listings package is loaded.
Package caption Info: longtable package is loaded.
 (C:\Users\Branco\AppData\Local\Programs\MiKTeX\tex/latex/caption\ltcaption.sty
Package: ltcaption 2021/01/08 v1.4c longtable captions (AR)
)
Package caption Info: End \AtBeginDocument code.
Package hyperref Info: Link coloring ON on input line 10.
 (tesis-usach.out) (tesis-usach.out)
\@outlinefile=\write6
\openout6 = `tesis-usach.out'.

\c@lstlisting=\count380

babelbib: Use citation-dependent languages in bibliography
babelbib: Set bibliography fall-back language to english
babelbib: english.bdf loaded because language english defined.
(C:\Users\Branco\AppData\Local\Programs\MiKTeX\tex/latex/babelbib\english.bdf
File: english.bdf 2021/01/06 v1.34 babelbib: multilingual bibliographies

babelbib extension \bibsenglish added to \extrasenglish
babelbib extension \btxifchangecaseon added to \extrasenglish
)
*geometry* driver: auto-detecting
*geometry* detected driver: pdftex
*geometry* verbose mode - [ preamble ] result:
* driver: pdftex
* paper: letterpaper
* layout: <same size as paper>
* layoutoffset:(h,v)=(0.0pt,0.0pt)
* modes: 
* h-part:(L,W,R)=(113.81102pt, 429.3521pt, 71.13188pt)
* v-part:(T,H,B)=(71.13188pt, 652.70622pt, 71.13188pt)
* \paperwidth=614.295pt
* \paperheight=794.96999pt
* \textwidth=429.3521pt
* \textheight=652.70622pt
* \oddsidemargin=41.54103pt
* \evensidemargin=41.54103pt
* \topmargin=-33.2056pt
* \headheight=14.0pt
* \headsep=20.0pt
* \topskip=10.0pt
* \footskip=20.0pt
* \marginparwidth=69.0pt
* \marginparsep=7.0pt
* \columnsep=10.0pt
* \skip\footins=9.0pt plus 4.0pt minus 2.0pt
* \hoffset=0.0pt
* \voffset=0.0pt
* \mag=1000
* \@twocolumnfalse
* \@twosidefalse
* \@mparswitchfalse
* \@reversemarginfalse
* (1in=72.27pt=25.4mm, 1cm=28.453pt)

\openout2 = `preliminares/cubierta.aux'.

(preliminares/cubierta.tex
*geometry* verbose mode - [ newgeometry ] result:
* driver: pdftex
* paper: letterpaper
* layout: <same size as paper>
* layoutoffset:(h,v)=(0.0pt,0.0pt)
* modes: 
* h-part:(L,W,R)=(113.81102pt, 429.3521pt, 71.13188pt)
* v-part:(T,H,B)=(113.81102pt, 610.02708pt, 71.13188pt)
* \paperwidth=614.295pt
* \paperheight=794.96999pt
* \textwidth=429.3521pt
* \textheight=610.02708pt
* \oddsidemargin=41.54103pt
* \evensidemargin=41.54103pt
* \topmargin=7.54103pt
* \headheight=14.0pt
* \headsep=20.0pt
* \topskip=10.0pt
* \footskip=20.0pt
* \marginparwidth=69.0pt
* \marginparsep=7.0pt
* \columnsep=10.0pt
* \skip\footins=9.0pt plus 4.0pt minus 2.0pt
* \hoffset=0.0pt
* \voffset=0.0pt
* \mag=1000
* \@twocolumnfalse
* \@twosidefalse
* \@mparswitchfalse
* \@reversemarginfalse
* (1in=72.27pt=25.4mm, 1cm=28.453pt)

<./images/LogoUsach.png, id=343, 317.988pt x 357.0138pt>
File: ./images/LogoUsach.png Graphic file (type png)
<use ./images/LogoUsach.png>
Package pdftex.def Info: ./images/LogoUsach.png  used on input line 21.
(pdftex.def)             Requested size: 79.4968pt x 89.25322pt.

Underfull \hbox (badness 5359) in paragraph at lines 21--21
[]\T1/phv/m/n/10 Tesis de grado pre-sen-tada en
 []


Underfull \hbox (badness 10000) in paragraph at lines 21--21
\T1/phv/m/n/10 con-formi-dad a los req-ui-si-tos
 []

[1
Non-PDF special ignored!
<special> header=psfrag.pro




{C:/Users/Branco/AppData/Local/MiKTeX/fonts/map/pdftex/pdftex.map}{C:/Users/Branco/AppData/Local/Programs/MiKTeX/fonts/enc/dvips/base/8r.enc} <./images/LogoUsach.png>])
LaTeX Font Info:    Trying to load font information for TS1+phv on input line 26.
 (C:\Users\Branco\AppData\Local\Programs\MiKTeX\tex/latex/psnfss\ts1phv.fd
File: ts1phv.fd 2020/03/25 scalable font definitions for TS1/phv.
)
<images/licences/cc_by.png, id=353, 88.33pt x 31.11626pt>
File: images/licences/cc_by.png Graphic file (type png)
<use images/licences/cc_by.png>
Package pdftex.def Info: images/licences/cc_by.png  used on input line 26.
(pdftex.def)             Requested size: 34.06442pt x 12.0pt.
LaTeX Font Info:    Trying to load font information for U+msa on input line 26.
 (C:\Users\Branco\AppData\Local\Programs\MiKTeX\tex/latex/amsfonts\umsa.fd
File: umsa.fd 2013/01/14 v3.01 AMS symbols A
)
LaTeX Font Info:    Trying to load font information for U+msb on input line 26.
 (C:\Users\Branco\AppData\Local\Programs\MiKTeX\tex/latex/amsfonts\umsb.fd
File: umsb.fd 2013/01/14 v3.01 AMS symbols B
)
LaTeX Font Info:    Trying to load font information for U+lasy on input line 26.
 (C:\Users\Branco\AppData\Local\Programs\MiKTeX\tex/latex/base\ulasy.fd
File: ulasy.fd 1998/08/17 v2.2e LaTeX symbol font definitions
)
LaTeX Font Info:    Trying to load font information for U+stmry on input line 26.
 (C:\Users\Branco\AppData\Local\Programs\MiKTeX\tex/latex/stmaryrd\ustmry.fd) [0



 <./images/licences/cc_by.png>]
\openout2 = `preliminares/abstract.aux'.

 (preliminares/abstract.tex
pdfTeX warning (ext4): destination with the same identifier (name{page.i}) has been already used, duplicate ignored
<to be read again> 
                   \relax 
l.10 \newpage
              [1


]) [2

] (preliminares/dedicatoria.tex
LaTeX Font Info:    Font shape `T1/phv/m/it' in size <10> not available
(Font)              Font shape `T1/phv/m/sl' tried instead on input line 3.
) (preliminares/agradecimiento.tex [3


]) [4

] (tesis-usach.toc [5

])
\tf@toc=\write7
\openout7 = `tesis-usach.toc'.

 [6] (tesis-usach.lot [7

])
\tf@lot=\write8
\openout8 = `tesis-usach.lot'.

 [8] (tesis-usach.lof)
\tf@lof=\write9
\openout9 = `tesis-usach.lof'.

 [9

] (tesis-usach.loa)
\tf@loa=\write10
\openout10 = `tesis-usach.loa'.

 [10

] (chapters/1-Introduccion.tex
Cap\'itulo 1.
[1


] [2] [3]
Underfull \hbox (badness 3826) in paragraph at lines 69--69
[]\T1/phv/m/n/8 Peso GRD (re-cur-
 []


Underfull \hbox (badness 1028) in paragraph at lines 69--69
\T1/phv/m/n/8 brales dinámi-cos adap-ta-dos a la co-horte on-
 []

[4]
Underfull \hbox (badness 1122) in paragraph at lines 75--76
[]\T1/phv/m/n/10 Cabe destacar que los datos GRD ofrecen un amplio conjunto de variables
 []


Underfull \hbox (badness 10000) in paragraph at lines 93--93
[]\T1/phv/m/n/8 NINGUNO, MA-PUCHE, AY-
 []


Underfull \hbox (badness 10000) in paragraph at lines 94--94
[]\T1/phv/m/n/8 SANTIAGO, VAL-PARAISO,
 []


Underfull \hbox (badness 1082) in paragraph at lines 95--95
\T1/phv/m/n/8 MAIPU, VALPARAISO, ARICA,
 []


Underfull \hbox (badness 7907) in paragraph at lines 96--96
[]\T1/phv/m/n/8 CHILE, VENEZUELA, PERU,
 []


Underfull \hbox (badness 5832) in paragraph at lines 96--96
\T1/phv/m/n/8 COLOM-BIA, BO-LIVIA, HAITI,
 []


Underfull \hbox (badness 10000) in paragraph at lines 110--110
[]\T1/cmtt/m/n/8 DIAGNOSTICO1 \T1/phv/m/n/8 a
 []


Underfull \hbox (badness 10000) in paragraph at lines 110--110
[]\T1/phv/m/n/8 Códigos al-fanuméri-cos (ej.
 []


Underfull \hbox (badness 10000) in paragraph at lines 110--110
\T1/phv/m/n/8 C50.9 Cáncer de mama,
 []


Underfull \hbox (badness 10000) in paragraph at lines 111--111
[]\T1/cmtt/m/n/8 PROCEDIMIENTO1 \T1/phv/m/n/8 a
 []


Underfull \hbox (badness 10000) in paragraph at lines 111--111
[]\T1/phv/m/n/8 Codificación numérica (ej.
 []


Underfull \hbox (badness 10000) in paragraph at lines 111--111
\T1/phv/m/n/8 85.23 Mas-tec-tomía par-cial,
 []


Underfull \hbox (badness 2197) in paragraph at lines 112--112
[]\T1/cmtt/m/n/8 CONDICIONDEALTANEONATO1 \T1/phv/m/n/8 a
 []


Underfull \hbox (badness 10000) in paragraph at lines 114--114
[]\T1/phv/m/n/8 HOMBRE, MU-JER, DE-
 []


Underfull \hbox (badness 2903) in paragraph at lines 116--116
[]\T1/phv/m/n/8 Código al-fanumérico en-crip-
 []


Underfull \hbox (badness 10000) in paragraph at lines 117--117
[]\T1/phv/m/n/8 Formato fecha (AAAA-MM-
 []


Underfull \hbox (badness 1242) in paragraph at lines 118--118
[]\T1/phv/m/n/8 Fecha en la que tuvo lugar la primera
 []


Underfull \hbox (badness 10000) in paragraph at lines 118--118
[]\T1/phv/m/n/8 Formato fecha (AAAA-MM-
 []


Underfull \hbox (badness 10000) in paragraph at lines 133--133
[]\T1/phv/m/n/8 377 códi-gos úni-cos (ej.
 []


Underfull \hbox (badness 2856) in paragraph at lines 134--134
[]\T1/phv/m/n/8 METROPOLITANO SUROR-I-
 []


Underfull \hbox (badness 2837) in paragraph at lines 134--134
\T1/phv/m/n/8 ENTE, CON-CEP-CION, DEL
 []


Underfull \hbox (badness 10000) in paragraph at lines 135--135
\T1/phv/m/n/8 (CO-QUIMBO), HOS-PI-TAL
 []


Underfull \hbox (badness 10000) in paragraph at lines 136--136
[]\T1/phv/m/n/8 SERVICIO EMER-GEN-CIA
 []


Underfull \hbox (badness 1661) in paragraph at lines 136--136
\T1/phv/m/n/8 (DOMI-CILIO), APS UR-GEN-
 []


Underfull \hbox (badness 10000) in paragraph at lines 136--136
\T1/phv/m/n/8 CIA, LISTA DE ES-PERA,
 []


Underfull \hbox (badness 5417) in paragraph at lines 137--137
[]\T1/phv/m/n/8 URGENCIA, NO PRO-GRA-
 []


Underfull \hbox (badness 3396) in paragraph at lines 138--138
\T1/phv/m/n/8 MED-ICA, PE-DI-A-TRIA, en-tre
 []


Underfull \hbox (badness 6332) in paragraph at lines 139--139
[]\T1/phv/m/n/8 HOSPITALIZACION, HOS-PI-
 []


Underfull \hbox (badness 1496) in paragraph at lines 140--140
[]\T1/phv/m/n/8 Fecha formal de inicio del episodio de
 []


Underfull \hbox (badness 10000) in paragraph at lines 140--140
[]\T1/phv/m/n/8 Formato fecha (AAAA-MM-
 []


Underfull \hbox (badness 10000) in paragraph at lines 141--141
[]\T1/phv/m/n/8 MEDICINA, CIRU-GIA, OB-
 []


Underfull \hbox (badness 10000) in paragraph at lines 141--141
\T1/phv/m/n/8 STE-TRI-CIA, UNIDAD DE
 []


Underfull \hbox (badness 10000) in paragraph at lines 142--142
[]\T1/phv/m/n/8 Formato fecha (AAAA-MM-
 []


Underfull \hbox (badness 6542) in paragraph at lines 142--142
\T1/phv/m/n/8 DD) o Nulo (si no hubo
 []


Underfull \hbox (badness 10000) in paragraph at lines 143--143
[]\T1/phv/m/n/8 MEDICINA, CIRU-GIA,
 []


Underfull \hbox (badness 10000) in paragraph at lines 143--143
\T1/phv/m/n/8 UNIDAD DE CUIDA-DOS
 []


Underfull \hbox (badness 10000) in paragraph at lines 144--144
[]\T1/phv/m/n/8 Formato fecha (AAAA-MM-
 []


Underfull \hbox (badness 10000) in paragraph at lines 145--145
[]\T1/phv/m/n/8 MEDICINA, CIRU-GIA, OB-
 []


Underfull \hbox (badness 10000) in paragraph at lines 145--145
\T1/phv/m/n/8 STE-TRI-CIA, PE-DI-A-TRIA,
 []


Underfull \hbox (badness 1789) in paragraph at lines 146--146
[]\T1/phv/m/n/8 Identificador encriptado del médico que
 []


Underfull \hbox (badness 2903) in paragraph at lines 146--146
[]\T1/phv/m/n/8 Código al-fanumérico en-crip-
 []

[5] [6] [7] [8]
Underfull \hbox (badness 1484) in paragraph at lines 183--184
\T1/phv/m/n/10 obtener caracterizaciones diferenciadas y evitando asumir que los mismos factores
 []

[9]
Underfull \hbox (badness 1533) in paragraph at lines 189--190
\T1/phv/m/n/10 balanceadas mediante técnicas de \T1/phv/m/sl/10 bootstrapping\T1/phv/m/n/10 . Estas submuestras emparejarán
 []


Underfull \hbox (badness 5203) in paragraph at lines 208--208
[]\T1/phv/b/n/8 1. Téc-ni-cos y doc-u-
 []

[10] [11]
Underfull \hbox (badness 1024) in paragraph at lines 241--242
\T1/phv/m/n/10 datos y con ajuste de pesos de clase (\T1/phv/m/sl/10 class weights\T1/phv/m/n/10 ) para abordar el desbalance
 []

[12]
Underfull \hbox (badness 10000) in paragraph at lines 256--256
[]\T1/phv/b/n/8 Regresión logís-
 []


Underfull \hbox (badness 10000) in paragraph at lines 264--264
[]\T1/cmtt/m/n/8 min_samples_split
 []


Underfull \hbox (badness 5985) in paragraph at lines 264--264
\T1/phv/m/n/8 (mín-imo de mues-tras
 []


Underfull \hbox (badness 1097) in paragraph at lines 266--266
\T1/phv/m/n/8 Los valores bajos (0.01) requieren más iteraciones,
 []


Underfull \hbox (badness 1052) in paragraph at lines 268--268
[]\T1/phv/m/n/8 Profundidad de los árboles base. En modelos de
 []


Underfull \hbox (badness 10000) in paragraph at lines 270--270
[]\T1/cmtt/m/n/8 scale_pos_weight
 []


Overfull \hbox (31.43918pt too wide) in paragraph at lines 252--272
 [][] 
 []

[13] [14]
LaTeX Font Info:    Font shape `T1/phv/b/it' in size <10> not available
(Font)              Font shape `T1/phv/b/sl' tried instead on input line 296.
 [15]
<images/figura1_seminario.png, id=806, 579.66562pt x 579.66562pt>
File: images/figura1_seminario.png Graphic file (type png)
<use images/figura1_seminario.png>
Package pdftex.def Info: images/figura1_seminario.png  used on input line 309.
(pdftex.def)             Requested size: 214.67604pt x 214.67635pt.
 [16 <./images/figura1_seminario.png>]
Underfull \hbox (badness 1708) in paragraph at lines 332--333
[]\T1/phv/b/n/10 De preparación a comprensión (Fase 2 $\OMS/cmsy/m/n/10 !$ \T1/phv/b/n/10 Fase 1): \T1/phv/m/n/10 este flujo permite validar
 []

[17] [18]
Underfull \hbox (badness 1184) in paragraph at lines 369--370
\T1/phv/m/sl/10 Boosting\T1/phv/m/n/10 , utilizados por su alta eficiencia computacional y capacidad para capturar
 []


Underfull \hbox (badness 10000) in paragraph at lines 385--385
[]\T1/phv/b/n/8 Pandas (v2.0+) / NumPy
 []


Underfull \hbox (badness 1383) in paragraph at lines 386--386
[]\T1/phv/b/n/8 Matplotlib (v3.7+) / Seaborn
 []

LaTeX Font Info:    Font shape `T1/phv/m/it' in size <8> not available
(Font)              Font shape `T1/phv/m/sl' tried instead on input line 388.

Underfull \hbox (badness 1354) in paragraph at lines 388--388
\T1/phv/m/n/8 Se selecciona esta versión por su soporte mejorado para
 []


Underfull \hbox (badness 4156) in paragraph at lines 390--390
[]\T1/phv/m/n/8 Librería aux-il-iar que pro-por-ciona téc-ni-cas de re-muestreo
 []


Overfull \hbox (23.0392pt too wide) in paragraph at lines 382--392
 [][] 
 []

[19] [20]) (chapters/2-Antecedentes.tex [21]
Cap\'itulo 2.
[22

] [23]
Underfull \hbox (badness 1755) in paragraph at lines 31--32
[]\T1/phv/m/n/10 Respecto de los casos de cáncer registrados durante el ańo 2020, según
 []

[24]
Underfull \hbox (badness 1127) in paragraph at lines 51--52
[]\T1/phv/b/n/10 Neoplasias sólidas (C00--C80): \T1/phv/m/n/10 corresponden a tumores originados en órganos o
 []


Underfull \hbox (badness 1009) in paragraph at lines 52--53
[]\T1/phv/b/n/10 Neoplasias del tejido linfático y hematopoyético (C81--C96): \T1/phv/m/n/10 incluyen patologías
 []

[25] [26]
Underfull \hbox (badness 1953) in paragraph at lines 73--74
[]\T1/phv/b/n/10 C97 (Neoplasias malignas de sitios múltiples independientes): \T1/phv/m/n/10 Casos clínicos
 []


Underfull \hbox (badness 1337) in paragraph at lines 80--81
[]\T1/phv/m/n/10 Esta diferenciación clínica constituye la base sobre la cual los sistemas de
 []

[27] [28] [29] [30] [31] [32] [33]
Underfull \hbox (badness 1024) in paragraph at lines 228--229
[]\T1/phv/b/n/10 Valores SHAP negativos: \T1/phv/m/n/10 indican que la variable ejerce una contribución inversa,
 []


Underfull \hbox (badness 1365) in paragraph at lines 235--236
[]\T1/phv/m/n/10 Para la revisión sistemática de la literatura se establecieron dos estrategias
 []

[34]
Underfull \hbox (badness 1789) in paragraph at lines 238--239
\T1/phv/m/n/10 preguntas de investigación sobre variables, tecnologías y metodologías utilizadas en la
 []


Package xcolor Warning: Incompatible color definition on input line 252.


Package xcolor Warning: Incompatible color definition on input line 252.


Package xcolor Warning: Incompatible color definition on input line 252.


Package xcolor Warning: Incompatible color definition on input line 252.


Package xcolor Warning: Incompatible color definition on input line 252.


Package xcolor Warning: Incompatible color definition on input line 252.


Package xcolor Warning: Incompatible color definition on input line 252.


Package xcolor Warning: Incompatible color definition on input line 252.


Package xcolor Warning: Incompatible color definition on input line 252.


Package xcolor Warning: Incompatible color definition on input line 254.


Package xcolor Warning: Incompatible color definition on input line 254.


Package xcolor Warning: Incompatible color definition on input line 254.


Package xcolor Warning: Incompatible color definition on input line 254.


Package xcolor Warning: Incompatible color definition on input line 254.


Package xcolor Warning: Incompatible color definition on input line 254.


Package xcolor Warning: Incompatible color definition on input line 254.


Package xcolor Warning: Incompatible color definition on input line 254.


Package xcolor Warning: Incompatible color definition on input line 254.


Package xcolor Warning: Incompatible color definition on input line 254.


Package xcolor Warning: Incompatible color definition on input line 254.


Package xcolor Warning: Incompatible color definition on input line 254.


Package xcolor Warning: Incompatible color definition on input line 254.


Package xcolor Warning: Incompatible color definition on input line 254.


Package xcolor Warning: Incompatible color definition on input line 255.


Package xcolor Warning: Incompatible color definition on input line 255.


Package xcolor Warning: Incompatible color definition on input line 255.


Package xcolor Warning: Incompatible color definition on input line 255.


Package xcolor Warning: Incompatible color definition on input line 255.


Package xcolor Warning: Incompatible color definition on input line 255.


Package xcolor Warning: Incompatible color definition on input line 255.


Package xcolor Warning: Incompatible color definition on input line 255.


Package xcolor Warning: Incompatible color definition on input line 255.


Package xcolor Warning: Incompatible color definition on input line 255.


Package xcolor Warning: Incompatible color definition on input line 255.


Package xcolor Warning: Incompatible color definition on input line 255.


Package xcolor Warning: Incompatible color definition on input line 256.


Package xcolor Warning: Incompatible color definition on input line 256.


Package xcolor Warning: Incompatible color definition on input line 256.


Package xcolor Warning: Incompatible color definition on input line 256.


Package xcolor Warning: Incompatible color definition on input line 256.


Package xcolor Warning: Incompatible color definition on input line 256.


Package xcolor Warning: Incompatible color definition on input line 256.


Package xcolor Warning: Incompatible color definition on input line 256.


Package xcolor Warning: Incompatible color definition on input line 256.


Package xcolor Warning: Incompatible color definition on input line 256.


Package xcolor Warning: Incompatible color definition on input line 256.


Package xcolor Warning: Incompatible color definition on input line 256.


Package xcolor Warning: Incompatible color definition on input line 258.


Package xcolor Warning: Incompatible color definition on input line 258.


Package xcolor Warning: Incompatible color definition on input line 258.


Package xcolor Warning: Incompatible color definition on input line 258.


Package xcolor Warning: Incompatible color definition on input line 258.


Package xcolor Warning: Incompatible color definition on input line 259.


Package xcolor Warning: Incompatible color definition on input line 259.


Package xcolor Warning: Incompatible color definition on input line 259.


Package xcolor Warning: Incompatible color definition on input line 259.


Package xcolor Warning: Incompatible color definition on input line 259.


Package xcolor Warning: Incompatible color definition on input line 259.


Package xcolor Warning: Incompatible color definition on input line 259.


Package xcolor Warning: Incompatible color definition on input line 259.


Package xcolor Warning: Incompatible color definition on input line 259.


Package xcolor Warning: Incompatible color definition on input line 259.


Package xcolor Warning: Incompatible color definition on input line 260.


Package xcolor Warning: Incompatible color definition on input line 260.


Package xcolor Warning: Incompatible color definition on input line 260.


Package xcolor Warning: Incompatible color definition on input line 260.


Package xcolor Warning: Incompatible color definition on input line 260.


Package xcolor Warning: Incompatible color definition on input line 260.


Package xcolor Warning: Incompatible color definition on input line 260.


Package xcolor Warning: Incompatible color definition on input line 260.


Package xcolor Warning: Incompatible color definition on input line 260.


Package xcolor Warning: Incompatible color definition on input line 260.


Package xcolor Warning: Incompatible color definition on input line 262.


Package xcolor Warning: Incompatible color definition on input line 262.


Package xcolor Warning: Incompatible color definition on input line 262.


Package xcolor Warning: Incompatible color definition on input line 262.


Package xcolor Warning: Incompatible color definition on input line 262.


Package xcolor Warning: Incompatible color definition on input line 262.


Package xcolor Warning: Incompatible color definition on input line 262.


Package xcolor Warning: Incompatible color definition on input line 262.


Package xcolor Warning: Incompatible color definition on input line 262.


Package xcolor Warning: Incompatible color definition on input line 262.


Package xcolor Warning: Incompatible color definition on input line 262.


Package xcolor Warning: Incompatible color definition on input line 262.


Package xcolor Warning: Incompatible color definition on input line 262.


Package xcolor Warning: Incompatible color definition on input line 262.


Package xcolor Warning: Incompatible color definition on input line 262.


Package xcolor Warning: Incompatible color definition on input line 263.


Package xcolor Warning: Incompatible color definition on input line 263.


Package xcolor Warning: Incompatible color definition on input line 263.


Package xcolor Warning: Incompatible color definition on input line 263.


Package xcolor Warning: Incompatible color definition on input line 263.


Package xcolor Warning: Incompatible color definition on input line 263.


Package xcolor Warning: Incompatible color definition on input line 263.


Package xcolor Warning: Incompatible color definition on input line 263.


Package xcolor Warning: Incompatible color definition on input line 263.


Package xcolor Warning: Incompatible color definition on input line 263.


Package xcolor Warning: Incompatible color definition on input line 264.


Package xcolor Warning: Incompatible color definition on input line 264.


Package xcolor Warning: Incompatible color definition on input line 264.


Package xcolor Warning: Incompatible color definition on input line 264.


Package xcolor Warning: Incompatible color definition on input line 264.


Package xcolor Warning: Incompatible color definition on input line 264.


Package xcolor Warning: Incompatible color definition on input line 264.


Package xcolor Warning: Incompatible color definition on input line 264.


Package xcolor Warning: Incompatible color definition on input line 264.


Package xcolor Warning: Incompatible color definition on input line 264.


Package xcolor Warning: Incompatible color definition on input line 264.


Package xcolor Warning: Incompatible color definition on input line 264.


Package xcolor Warning: Incompatible color definition on input line 264.


Package xcolor Warning: Incompatible color definition on input line 264.


Package xcolor Warning: Incompatible color definition on input line 264.

[35]

Package xcolor Warning: Incompatible color definition on input line 293.


Package xcolor Warning: Incompatible color definition on input line 293.


Package xcolor Warning: Incompatible color definition on input line 293.


Package xcolor Warning: Incompatible color definition on input line 293.


Package xcolor Warning: Incompatible color definition on input line 293.


Package xcolor Warning: Incompatible color definition on input line 293.


Package xcolor Warning: Incompatible color definition on input line 293.


Package xcolor Warning: Incompatible color definition on input line 293.


Package xcolor Warning: Incompatible color definition on input line 293.


Package xcolor Warning: Incompatible color definition on input line 293.


Package xcolor Warning: Incompatible color definition on input line 293.


Package xcolor Warning: Incompatible color definition on input line 293.


Package xcolor Warning: Incompatible color definition on input line 294.


Package xcolor Warning: Incompatible color definition on input line 294.


Package xcolor Warning: Incompatible color definition on input line 294.


Package xcolor Warning: Incompatible color definition on input line 294.


Package xcolor Warning: Incompatible color definition on input line 294.


Package xcolor Warning: Incompatible color definition on input line 294.


Package xcolor Warning: Incompatible color definition on input line 294.


Package xcolor Warning: Incompatible color definition on input line 294.


Package xcolor Warning: Incompatible color definition on input line 294.


Package xcolor Warning: Incompatible color definition on input line 294.


Package xcolor Warning: Incompatible color definition on input line 294.


Package xcolor Warning: Incompatible color definition on input line 294.


Package xcolor Warning: Incompatible color definition on input line 295.


Package xcolor Warning: Incompatible color definition on input line 295.


Package xcolor Warning: Incompatible color definition on input line 295.


Package xcolor Warning: Incompatible color definition on input line 295.


Package xcolor Warning: Incompatible color definition on input line 295.


Package xcolor Warning: Incompatible color definition on input line 295.


Package xcolor Warning: Incompatible color definition on input line 295.


Package xcolor Warning: Incompatible color definition on input line 295.


Package xcolor Warning: Incompatible color definition on input line 295.


Package xcolor Warning: Incompatible color definition on input line 295.


Package xcolor Warning: Incompatible color definition on input line 295.


Package xcolor Warning: Incompatible color definition on input line 295.

[36]
Underfull \hbox (badness 1571) in paragraph at lines 310--311
[]\T1/phv/b/n/10 Variables presentes en GRD: \T1/phv/m/n/10 Se seleccionaron estudios que analizaron variables
 []


Underfull \hbox (badness 1939) in paragraph at lines 316--316
|[]\T1/phv/b/n/10 Estudios sobre caracterización de cohortes oncológicas mediante aprendizaje
 []

[37] [38] [39] [40] [41] [42] [43] [44]
Underfull \hbox (badness 3646) in paragraph at lines 353--353
\T1/phv/m/n/7 SHAP iden-ti-ficó las pun-tua-ciones AP-SIII,
 []


Underfull \hbox (badness 1024) in paragraph at lines 355--355
[]\T1/phv/m/n/7 Identificar factores de riesgo para
 []


Underfull \hbox (badness 1496) in paragraph at lines 358--358
\T1/phv/m/n/7 SHAP: SREs previos, menor duración de
 []


Underfull \hbox (badness 1077) in paragraph at lines 359--359
\T1/phv/m/n/7 gan la es-tancia post-op-er-a-to-ria en
 []


Underfull \hbox (badness 10000) in paragraph at lines 360--360
[]\T1/phv/m/n/7 Predecir el uso pre-venible de
 []


Underfull \hbox (badness 1762) in paragraph at lines 360--360
\T1/phv/m/n/7 cuida-dos agu-dos (ACU) al ini-ciar
 []


Underfull \hbox (badness 6758) in paragraph at lines 363--363
[]\T1/phv/b/n/7 Datos: \T1/phv/m/n/7 Bases de-scen-tral-izadas (SEER,
 []


Underfull \hbox (badness 10000) in paragraph at lines 364--364
\T1/phv/b/n/7 Métodos: \T1/phv/m/n/7 RF, XG-Boost, LR, RFE,
 []


Overfull \hbox (21.12967pt too wide) in paragraph at lines 350--366
 [][] 
 []

[45] [46] [47] [48]
Underfull \hbox (badness 4981) in paragraph at lines 399--399
\T1/phv/m/n/8 cáncer pul-monar y su aso-
 []


Underfull \hbox (badness 4899) in paragraph at lines 400--400
\T1/phv/b/n/8 Métodos: \T1/phv/m/n/8 Es-tu-dio ob-ser-va-cional y
 []


Overfull \hbox (2.80063pt too wide) in paragraph at lines 403--403
 \T1/phv/m/n/8 Ceavichay 
 []


Underfull \hbox (badness 1668) in paragraph at lines 404--404
[]\T1/phv/m/n/8 Analizar la variación histórica
 []


Underfull \hbox (badness 1859) in paragraph at lines 404--404
\T1/phv/m/n/8 cáncer oral y orofaríngeo en
 []


Underfull \hbox (badness 10000) in paragraph at lines 414--414
\T1/phv/m/n/8 ológico del cáncer a nivel
 []


Underfull \hbox (badness 2334) in paragraph at lines 415--415
[]\T1/phv/b/n/8 Datos: \T1/phv/m/n/8 Es-tadís-ti-cas ofi-ciales (OMS,
 []


Overfull \hbox (21.12967pt too wide) in paragraph at lines 394--419
 [][] 
 []

[49]
Underfull \hbox (badness 1205) in paragraph at lines 428--429
[]\T1/phv/m/n/10 El tercer enfoque, de \T1/phv/b/n/10 aprendizaje automático explicable (XAI)\T1/phv/m/n/10 , combina la
 []


Underfull \hbox (badness 1521) in paragraph at lines 428--429
\T1/phv/m/n/10 alineándose con la necesidad de generar perfiles y evidencia sanitaria accionable para
 []


Underfull \hbox (badness 1735) in paragraph at lines 433--434
[]\T1/phv/m/n/10 Para esta propuesta, se seleccionó el enfoque de \T1/phv/b/n/10 aprendizaje automático
 []

[50]) (chapters/3-MetodologĂ­a.tex [51]
Cap\'itulo 3.

Package natbib Warning: Citation `wirth2000crisp' on page 52 undefined on input line 4.


Underfull \hbox (badness 1019) in paragraph at lines 4--5
[]\T1/phv/m/n/10 El presente capítulo detalla la metodología utilizada para el desarrollo de la
 []

LaTeX Font Info:    Font shape `T1/phv/b/it' in size <12> not available
(Font)              Font shape `T1/phv/b/sl' tried instead on input line 6.

Underfull \hbox (badness 1275) in paragraph at lines 13--14
[]\T1/phv/m/n/10 Frente a la necesidad de transformar estos registros administrativos en una
 []

[52

] [53]
Underfull \hbox (badness 1975) in paragraph at lines 49--50
\T1/phv/m/n/10 cáncer en el diagnóstico principal, se implementó un escaneo iterativo sobre las
 []


Underfull \hbox (badness 1137) in paragraph at lines 49--50
\T1/phv/m/n/10 34 columnas de diagnósticos secundarios (\T1/cmtt/m/n/10 DIAGNOSTICO2 \T1/phv/m/n/10 a \T1/cmtt/m/n/10 DIAGNOSTICO35\T1/phv/m/n/10 ). Si el
 []

[54]
<images/clasificacion_cohorte.png, id=1281, 783.92876pt x 673.51625pt>
File: images/clasificacion_cohorte.png Graphic file (type png)
<use images/clasificacion_cohorte.png>
Package pdftex.def Info: images/clasificacion_cohorte.png  used on input line 59.
(pdftex.def)             Requested size: 429.3521pt x 368.88326pt.
 [55 <./images/clasificacion_cohorte.png>] [56]
Underfull \hbox (badness 1303) in paragraph at lines 91--92
[]\T1/phv/m/n/10 Dada la naturaleza de los registros GRD, gran parte de sus características
 []


Underfull \hbox (badness 1033) in paragraph at lines 93--94
[]\T1/phv/m/n/10 En específico, este análisis permitió determinar qué variables categóricas se
 []


Underfull \hbox (badness 1997) in paragraph at lines 95--96
\T1/phv/m/n/10 y la homologación semántica de categorías para fusionar respuestas equivalentes (por
 []

[57]
Underfull \hbox (badness 3240) in paragraph at lines 110--111
[]\T1/phv/b/n/10 Nivel de sev-eri-dad (Clasi-fi-cación mul-ti-clase or-di-nal): \T1/phv/m/n/10 Se pro-cesó la vari-able
 []


Underfull \hbox (badness 1248) in paragraph at lines 110--111
\T1/cmtt/m/n/10 IR_29301_SEVERIDAD\T1/phv/m/n/10 , fil-trando los códi-gos de-scono-ci-dos y es-tandarizando la es-cala
 []

[58]
Underfull \hbox (badness 1442) in paragraph at lines 117--118
[]\T1/phv/m/n/10 Antes de someter las variables explicativas (\T1/phv/m/sl/10 features\T1/phv/m/n/10 ) categóricas al modelo
 []


Underfull \hbox (badness 1442) in paragraph at lines 119--120
[]\T1/phv/m/n/10 En lugar de aplicar codificación \T1/phv/m/sl/10 One-Hot \T1/phv/m/n/10 indiscriminada (lo que multiplicaría
 []

[59]
Underfull \hbox (badness 2469) in paragraph at lines 128--129
[]\T1/phv/b/n/10 Carga de en-fer-medad (Co-mor-bil-i-dades): \T1/phv/m/n/10 La lit-er-atura epi-demi-ológ-ica de-mues-tra
 []

[60] [61] [62]
Underfull \hbox (badness 1688) in paragraph at lines 168--169
[]\T1/phv/b/n/10 Regresión Logística con regularización: \T1/phv/m/n/10 Utilizado como modelo base (\T1/phv/m/sl/10 baseline\T1/phv/m/n/10 )
 []

[63] [64]
Underfull \hbox (badness 1533) in paragraph at lines 198--199
[]\T1/phv/b/n/10 Área Bajo la Curva de Precisión-Exhaustividad (AUPRC): \T1/phv/m/n/10 En contextos de alto
 []

) (chapters/4-Resultados y anĂˇlisis.tex [65] [66]
Cap\'itulo 4.

Overfull \hbox (1.091pt too wide) in paragraph at lines 24--24
[]\T1/phv/b/n/8 Período 
 []


Underfull \hbox (badness 10000) in paragraph at lines 32--32
[]\T1/cmtt/m/n/8 utf-8 \T1/phv/m/n/8 (con-fi-
 []


Underfull \hbox (badness 10000) in paragraph at lines 34--34
[]\T1/phv/m/n/8 No se de-tec-taron fi-las de-fec-tu-osas.
 []


Underfull \hbox (badness 4328) in paragraph at lines 34--34
\T1/phv/m/n/8 Se pre-servó el iden-ti-fi-cador histórico
 []


Underfull \hbox (badness 10000) in paragraph at lines 38--38
[]\T1/cmtt/m/n/8 utf-8 \T1/phv/m/n/8 (con-fi-
 []


Underfull \hbox (badness 1533) in paragraph at lines 40--40
[]\T1/phv/m/n/8 Disminución del vol-u-men de reg-istros,
 []


Underfull \hbox (badness 10000) in paragraph at lines 44--44
[]\T1/cmtt/m/n/8 utf-8-sig
 []


Underfull \hbox (badness 10000) in paragraph at lines 50--50
[]\T1/cmtt/m/n/8 utf-16 \T1/phv/m/n/8 (con-fi-
 []


Underfull \hbox (badness 10000) in paragraph at lines 56--56
[]\T1/cmtt/m/n/8 utf-16 \T1/phv/m/n/8 (con-fi-
 []


Underfull \hbox (badness 10000) in paragraph at lines 62--62
[]\T1/cmtt/m/n/8 latin1
 []


Underfull \hbox (badness 10000) in paragraph at lines 62--62
\T1/phv/m/n/8 (\T1/cmtt/m/n/8 ISO-8859-1\T1/phv/m/n/8 )
 []


Underfull \hbox (badness 10000) in paragraph at lines 62--62
\T1/phv/m/n/8 (con-fi-anza:
 []


Underfull \hbox (badness 5036) in paragraph at lines 64--64
[]\T1/phv/m/n/8 La de-tec-ción au-tomática ob-tuvo una
 []


Underfull \hbox (badness 4582) in paragraph at lines 64--64
\T1/cmtt/m/n/8 ISO-8859-1\T1/phv/m/n/8 . La lec-tura se es-ta-bi-
 []


Underfull \hbox (badness 1264) in paragraph at lines 64--64
\T1/cmtt/m/n/8 latin1\T1/phv/m/n/8 . Además, el iden-ti-fi-cador del
 []


Underfull \hbox (badness 1635) in paragraph at lines 69--70
[]\T1/phv/m/n/10 El análisis comparativo determinó que todas las columnas mantuvieron una
 []

[67

]
Underfull \hbox (badness 1147) in paragraph at lines 71--72
\T1/phv/m/n/10 bajo cada alternativa para verificar que dichos caracteres se preservaran correctamente.
 []

[68]
Overfull \hbox (3.51497pt too wide) in paragraph at lines 90--110
 [][] 
 []

<images/proporcion_total_pacientes.png, id=1359, 625.33624pt x 692.5875pt>
File: images/proporcion_total_pacientes.png Graphic file (type png)
<use images/proporcion_total_pacientes.png>
Package pdftex.def Info: images/proporcion_total_pacientes.png  used on input line 117.
(pdftex.def)             Requested size: 214.67604pt x 237.75932pt.
<images/barras_total_pacientes.png, id=1361, 1394.20876pt x 993.7125pt>
File: images/barras_total_pacientes.png Graphic file (type png)
<use images/barras_total_pacientes.png>
Package pdftex.def Info: images/barras_total_pacientes.png  used on input line 128.
(pdftex.def)             Requested size: 343.48299pt x 244.8036pt.
[69] [70 <./images/proporcion_total_pacientes.png> <./images/barras_total_pacientes.png>]
LaTeX Font Info:    Font shape `T1/cmtt/bx/n' in size <10> not available
(Font)              Font shape `T1/cmtt/m/n' tried instead on input line 147.
 [71]
Underfull \hbox (badness 1127) in paragraph at lines 148--149
[]\T1/phv/b/n/10 Identificador de hospital (\T1/cmtt/m/n/10 COD_HOSPITAL\T1/phv/b/n/10 ) (variable hospitalaria): \T1/phv/m/n/10 Se \T1/phv/b/n/10 descartó \T1/phv/m/n/10 su
 []


Underfull \hbox (badness 1189) in paragraph at lines 149--150
[]\T1/phv/b/n/10 Identificador del médico de la primera intervención (\T1/cmtt/m/n/10 MEDICOINTERV1_ENCRIPTADO\T1/phv/b/n/10 )
 []

[72]
LaTeX Font Info:    Font shape `T1/phv/m/it' in size <7> not available
(Font)              Font shape `T1/phv/m/sl' tried instead on input line 170.
LaTeX Font Info:    Font shape `T1/cmtt/bx/n' in size <7> not available
(Font)              Font shape `T1/cmtt/m/n' tried instead on input line 187.
 [73]
Underfull \hbox (badness 1147) in paragraph at lines 258--259
\T1/phv/m/n/10 nulos, proporción que aumenta rápidamente hasta superar el 99 % a partir de la
 []

[74]
Underfull \hbox (badness 1552) in paragraph at lines 299--300
[]\T1/phv/m/n/10 Dentro de las variables categóricas objetivo se encuentran las variables de
 []

[75] [76]
Overfull \hbox (2.44276pt too wide) in paragraph at lines 317--340
 [][] 
 []


Overfull \hbox (2.44276pt too wide) in paragraph at lines 349--372
 [][] 
 []


Overfull \hbox (2.44276pt too wide) in paragraph at lines 381--404
 [][] 
 []

[77] [78]
Underfull \hbox (badness 1038) in paragraph at lines 412--413
[]\T1/phv/m/n/10 Respecto del comportamiento de la severidad mayor (nivel 3) en la cohorte
 []


Overfull \hbox (2.44276pt too wide) in paragraph at lines 422--438
 [][] 
 []


Overfull \hbox (2.44276pt too wide) in paragraph at lines 447--463
 [][] 
 []


Overfull \hbox (2.44276pt too wide) in paragraph at lines 472--488
 [][] 
 []

[79]
Overfull \hbox (16.94093pt too wide) in paragraph at lines 505--683
 [][] 
 []


LaTeX Warning: Float too large for page by 3.70052pt on input line 683.

[80] [81] [82] [83] [84]
Underfull \hbox (badness 1412) in paragraph at lines 713--714
\T1/phv/m/n/10 (por ejemplo, se renombran categorías como \T1/cmtt/m/n/10 CIRUGIA TORAX \T1/phv/m/n/10 a \T1/cmtt/m/n/10 CIRUGIA DE TORAX\T1/phv/m/n/10 ).
 []

[85] [86] [87]
Underfull \hbox (badness 1048) in paragraph at lines 720--721
\T1/phv/m/n/10 (para indicar si el diagnóstico oncológico aparece en el primer diagnóstico, en los
 []

[88] [89] [90] [91]
Underfull \hbox (badness 6188) in paragraph at lines 736--737
[]\T1/phv/m/n/10 Dentro de los datos GRD, se en-cuen-tra la vari-able numérica con-tinua
 []


Underfull \hbox (badness 1137) in paragraph at lines 738--739
[]\T1/phv/m/n/10 En primer lugar, la auditoría certificó una calidad excepcional en el registro
 []

[92] [93]
Overfull \hbox (0.89107pt too wide) in paragraph at lines 780--780
 []\T1/phv/b/n/7 GLOBAL 
 []


Overfull \hbox (10.80536pt too wide) in paragraph at lines 759--782
 [][] 
 []


Overfull \hbox (0.89107pt too wide) in paragraph at lines 812--812
 []\T1/phv/b/n/7 GLOBAL 
 []


Overfull \hbox (10.80536pt too wide) in paragraph at lines 791--814
 [][] 
 []


Overfull \hbox (0.89107pt too wide) in paragraph at lines 844--844
 []\T1/phv/b/n/7 GLOBAL 
 []


Overfull \hbox (10.80536pt too wide) in paragraph at lines 823--846
 [][] 
 []

[94]
<images/boxplot_global.png, id=1521, 370.0224pt x 270.2898pt>
File: images/boxplot_global.png Graphic file (type png)
<use images/boxplot_global.png>
Package pdftex.def Info: images/boxplot_global.png  used on input line 855.
(pdftex.def)             Requested size: 137.39581pt x 100.36447pt.
<images/boxplot_oncologico.png, id=1522, 379.4175pt x 270.2898pt>
File: images/boxplot_oncologico.png Graphic file (type png)
<use images/boxplot_oncologico.png>
Package pdftex.def Info: images/boxplot_oncologico.png  used on input line 861.
(pdftex.def)             Requested size: 137.39581pt x 97.87752pt.
<images/boxplot_control.png, id=1523, 370.0224pt x 270.2898pt>
File: images/boxplot_control.png Graphic file (type png)
<use images/boxplot_control.png>
Package pdftex.def Info: images/boxplot_control.png  used on input line 867.
(pdftex.def)             Requested size: 137.39581pt x 100.36447pt.
 [95 <./images/boxplot_global.png> <./images/boxplot_oncologico.png> <./images/boxplot_control.png>]
Underfull \hbox (badness 2165) in paragraph at lines 915--915
[]\T1/phv/b/n/7 Nivel de Con-
 []


Overfull \hbox (41.57503pt too wide) in paragraph at lines 913--948
 [][] 
 []

[96]
LaTeX Font Info:    Font shape `T1/phv/b/it' in size <7> not available
(Font)              Font shape `T1/phv/b/sl' tried instead on input line 1003.
 [97] [98]
Overfull \hbox (1.48885pt too wide) in paragraph at lines 1149--1149
 []\T1/phv/m/n/7 20.590
 []


Overfull \hbox (4.85002pt too wide) in paragraph at lines 1133--1159
 [][] 
 []

[99]

LaTeX Warning: Reference `tab:impacto_tipo_procedencia' on page 100 undefined on input line 1167.


LaTeX Warning: Reference `tab:impacto_tipo_ingreso' on page 100 undefined on input line 1167.


LaTeX Warning: Reference `tab:impacto_especialidad_medica' on page 100 undefined on input line 1167.


LaTeX Warning: Reference `tab:impacto_tipo_actividad' on page 100 undefined on input line 1167.

[100]
Underfull \hbox (badness 1178) in paragraph at lines 1174--1175
[]\T1/phv/b/n/10 Nacionalidad (es extranjero): \T1/phv/m/n/10 la binarización de esta variable permitió reducir su
 []

[101] [102]
Underfull \hbox (badness 1253) in paragraph at lines 1180--1181
\T1/phv/m/n/10 y ambulatorio CMA), lo que permitió resolver la desaparición de categorías (como
 []

[103] [104] [105] [106]

LaTeX Warning: Reference `tab:frecuencia_comorbilidad' on page 107 undefined on input line 1548.

[107] [108]) (chapters/5-Conclusiones.tex [109] [110]
Cap\'itulo 5.
) [111

] (finales/Glosario.tex) [112


] (tesis-usach.bbl
Underfull \hbox (badness 10000) in paragraph at lines 57--63
[]\T1/phv/m/n/10 Delgado, F. (2016).  \T1/phv/m/sl/10 Pińera es el pres-i-den-cia-ble con más ex-posi-ción en la
 []


Underfull \hbox (badness 10000) in paragraph at lines 57--63
\T1/phv/m/sl/10 prensa según in-ves-ti-gación Us-ach \T1/phv/m/n/10 .  Re-cu-per-ado el Martes 29 de Julio de
 []


Underfull \hbox (badness 10000) in paragraph at lines 57--63
\T1/phv/m/n/10 2016, de [][]$\T1/cmtt/m/n/10 http : / / www . biobiochile . cl / noticias / nacional / politica / 2016 / 06 / 20 /
 []


Overfull \hbox (0.7942pt too wide) in paragraph at lines 57--63
\T1/cmtt/m/n/10 pinera-[]es-[]el-[]presidenciable-[]con-[]mas-[]exposicion-[]en-[]la-[]prensa-[]segun-[]investigacion$[][]
 []


Underfull \hbox (badness 10000) in paragraph at lines 66--71
\T1/phv/m/n/10 URL [][]$\T1/cmtt/m/n/10 https : / / repositoriodeis . minsal . cl / ContenidoSitioWeb2020 / uploads / 2018 / 07 /
 []


Underfull \hbox (badness 10000) in paragraph at lines 73--77
\T1/phv/m/n/10 URL [][]$\T1/cmtt/m/n/10 https : / / projecteuclid . org / journals / annals-[]of-[]statistics / volume-[]7 / issue-[]1 /
 []


Underfull \hbox (badness 10000) in paragraph at lines 79--84
\T1/phv/m/n/10 URL [][]$\T1/cmtt/m/n/10 https : / / www . senado . cl / site / presupuesto / 2023 / cumplimiento / Glosas % 202023 / 16 %
 []


Underfull \hbox (badness 10000) in paragraph at lines 86--90
\T1/phv/m/n/10 URL [][]$\T1/cmtt/m/n/10 https : / / public . tableau . com / views / PropuestaTableroGRD / PropuestaTableroGRD ?
 []

[113


]
Underfull \hbox (badness 10000) in paragraph at lines 151--158
\T1/phv/m/n/10 URL [][]$\T1/cmtt/m/n/10 https : / / papers . nips . cc / paper _ files / paper / 2017 / hash /
 []


Overfull \hbox (36.65956pt too wide) in paragraph at lines 180--183
\T1/phv/m/n/10 URL [][]$\T1/cmtt/m/n/10 https : / / www . metamodelo . cl / 2024 / 01 / 30 / mecanismo-[]de-[]pago-[]por-[]grd-[]explicado-[]en-[]facil/$[][] 
 []


Underfull \hbox (badness 10000) in paragraph at lines 185--189
\T1/phv/m/n/10 URL [][]$\T1/cmtt/m/n/10 https : / / www . iccp-[]portal . org / sites / default / files / plans /
 []


Underfull \hbox (badness 10000) in paragraph at lines 192--197
\T1/phv/m/n/10 URL [][]$\T1/cmtt/m/n/10 https : / / www . salud . gob . sv / wp-[]content / uploads / 2024 / 11 /
 []


Overfull \hbox (101.01985pt too wide) in paragraph at lines 192--197
\T1/cmtt/m/n/10 clasificacion-[]internacional-[]de-[]procedimientos-[]CIE-[]9MC-[]version-[]2024-[]lista-[]tabular-[]el-[]salvador-[]2024 .
 []

[114]
Overfull \hbox (254.35701pt too wide) in paragraph at lines 205--210
\T1/phv/m/n/10 URL [][]$\T1/cmtt/m/n/10 https : / / www . oecd . org / es / publications / 2024 / 11 / tackling-[]the-[]impact-[]of-[]cancer-[]on-[]health-[]the-[]economy-[]and-[]society-[]country-[]notes _
 []


Overfull \hbox (501.29805pt too wide) in paragraph at lines 243--249
\T1/phv/m/n/10 URL [][]$\T1/cmtt/m/n/10 https : / / biologia . uc . cl / una-[]fotografia-[]sobre-[]el-[]cancer-[]en-[]chile-[]articulo-[]presenta-[]la-[]realidad-[]de-[]esta-[]enfermedad-[]en-[]la-[]ultima-[]decada-[]y-[]los-[]desafios-[]para-[]su-[]investigacion/$[][] 
 []

[115]
Underfull \hbox (badness 10000) in paragraph at lines 313--319
\T1/phv/m/n/10 URL [][]$\T1/cmtt/m/n/10 https : / / revista-[]socampar . com / images / articulos / ArticulosSeparadosNum18 /
 []

) [116] (finales/Anexo-1.tex
pdfTeX warning (ext4): destination with the same identifier (name{chapter.1}) has been already used, duplicate ignored
<to be read again> 
                   \relax 
l.1 \chapter{TĂ­tulo del anexo ejemplo}
                                       
Anexo A.
) [117


] (finales/Apendice-1.tex
pdfTeX warning (ext4): destination with the same identifier (name{chapter.1}) has been already used, duplicate ignored
<to be read again> 
                   \relax 
l.1 \chapter{TĂ­tulo del apĂ©ndice ejemplo}
                                           
Ap\'endice A.
)

Package natbib Warning: There were undefined citations.

[118


] (tesis-usach.aux (preliminares/cubierta.aux) (preliminares/abstract.aux))
 ***********
LaTeX2e <2025-11-01>
L3 programming layer <2025-12-24>
 ***********


LaTeX Warning: There were undefined references.

Package rerunfilecheck Info: File `tesis-usach.out' has not changed.
(rerunfilecheck)             Checksum: 229228AA3BCAA58EE0BE805C31BEFBBF;26111.
 ) 
Here is how much of TeX's memory you used:
 22068 strings out of 467870
 351035 string characters out of 5417871
 1025685 words of memory out of 5000000
 50084 multiletter control sequences out of 15000+600000
 685801 words of font info for 118 fonts, out of 8000000 for 9000
 1141 hyphenation exceptions out of 8191
 90i,12n,116p,3023b,1270s stack positions out of 10000i,1000n,20000p,200000b,200000s
 <C:\Users\Branco\AppData\Local\MiKTeX\fonts/pk/ljfour/jknappen/ec/dpi525\ectt0800.pk> <C:\Users\Branco\AppData\Local\MiKTeX\fonts/pk/ljfour/jknappen/ec/dpi600\ectt0900.pk> <C:\Users\Branco\AppData\Local\MiKTeX\fonts/pk/ljfour/jknappen/ec/dpi600\ectt0800.pk> <C:\Users\Branco\AppData\Local\MiKTeX\fonts/pk/ljfour/jknappen/ec/dpi600\ectt1000.pk><C:/Users/Branco/AppData/Local/Programs/MiKTeX/fonts/type1/public/amsfonts/cm/cmex10.pfb><C:/Users/Branco/AppData/Local/Programs/MiKTeX/fonts/type1/public/amsfonts/cm/cmmi10.pfb><C:/Users/Branco/AppData/Local/Programs/MiKTeX/fonts/type1/public/amsfonts/cm/cmmi5.pfb><C:/Users/Branco/AppData/Local/Programs/MiKTeX/fonts/type1/public/amsfonts/cm/cmmi7.pfb><C:/Users/Branco/AppData/Local/Programs/MiKTeX/fonts/type1/public/amsfonts/cm/cmr10.pfb><C:/Users/Branco/AppData/Local/Programs/MiKTeX/fonts/type1/public/amsfonts/cm/cmr5.pfb><C:/Users/Branco/AppData/Local/Programs/MiKTeX/fonts/type1/public/amsfonts/cm/cmr7.pfb><C:/Users/Branco/AppData/Local/Programs/MiKTeX/fonts/type1/public/amsfonts/cm/cmsy10.pfb><C:/Users/Branco/AppData/Local/Programs/MiKTeX/fonts/type1/public/amsfonts/cm/cmsy7.pfb><C:/Users/Branco/AppData/Local/Programs/MiKTeX/fonts/type1/public/amsfonts/cm/cmsy8.pfb><C:/Users/Branco/AppData/Local/Programs/MiKTeX/fonts/type1/public/amsfonts/symbols/msbm10.pfb><C:/Users/Branco/AppData/Local/Programs/MiKTeX/fonts/type1/urw/helvetic/uhvb8a.pfb><C:/Users/Branco/AppData/Local/Programs/MiKTeX/fonts/type1/urw/helvetic/uhvbo8a.pfb><C:/Users/Branco/AppData/Local/Programs/MiKTeX/fonts/type1/urw/helvetic/uhvr8a.pfb><C:/Users/Branco/AppData/Local/Programs/MiKTeX/fonts/type1/urw/helvetic/uhvro8a.pfb>
Output written on tesis-usach.pdf (130 pages, 1122215 bytes).
PDF statistics:
 2065 PDF objects out of 2073 (max. 8388607)
 406 named destinations out of 1000 (max. 500000)
 734 words of extra memory for PDF output out of 10000 (max. 10000000)

