\BOOKMARK [0][]{chapter.1}{\376\377\0001\000\040\000I\000n\000t\000r\000o\000d\000u\000c\000c\000i\000\363\000n}{}% 1
\BOOKMARK [1][]{section.1.1}{\376\377\0001\000.\0001\000\040\000A\000n\000t\000e\000c\000e\000d\000e\000n\000t\000e\000s\000\040\000y\000\040\000m\000o\000t\000i\000v\000a\000c\000i\000\363\000n}{chapter.1}% 2
\BOOKMARK [2][]{subsection.1.1.1}{\376\377\0001\000.\0001\000.\0001\000\040\000C\000o\000n\000t\000e\000x\000t\000o}{section.1.1}% 3
\BOOKMARK [2][]{subsection.1.1.2}{\376\377\0001\000.\0001\000.\0002\000\040\000M\000o\000t\000i\000v\000a\000c\000i\000\363\000n}{section.1.1}% 4
\BOOKMARK [2][]{subsection.1.1.3}{\376\377\0001\000.\0001\000.\0003\000\040\000I\000m\000p\000a\000c\000t\000o\000\040\000e\000s\000p\000e\000r\000a\000d\000o}{section.1.1}% 5
\BOOKMARK [1][]{section.1.2}{\376\377\0001\000.\0002\000\040\000D\000e\000s\000c\000r\000i\000p\000c\000i\000\363\000n\000\040\000d\000e\000l\000\040\000p\000r\000o\000b\000l\000e\000m\000a}{chapter.1}% 6
\BOOKMARK [2][]{subsection.1.2.1}{\376\377\0001\000.\0002\000.\0001\000\040\000P\000r\000e\000g\000u\000n\000t\000a\000\040\000d\000e\000\040\000i\000n\000v\000e\000s\000t\000i\000g\000a\000c\000i\000\363\000n}{section.1.2}% 7
\BOOKMARK [1][]{section.1.3}{\376\377\0001\000.\0003\000\040\000S\000o\000l\000u\000c\000i\000\363\000n\000\040\000p\000r\000o\000p\000u\000e\000s\000t\000a}{chapter.1}% 8
\BOOKMARK [2][]{subsection.1.3.1}{\376\377\0001\000.\0003\000.\0001\000\040\000H\000i\000p\000\363\000t\000e\000s\000i\000s\000\040\000d\000e\000\040\000t\000r\000a\000b\000a\000j\000o}{section.1.3}% 9
\BOOKMARK [2][]{subsection.1.3.2}{\376\377\0001\000.\0003\000.\0002\000\040\000C\000a\000r\000a\000c\000t\000e\000r\000\355\000s\000t\000i\000c\000a\000s\000\040\000d\000e\000\040\000l\000a\000\040\000s\000o\000l\000u\000c\000i\000\363\000n}{section.1.3}% 10
\BOOKMARK [1][]{section.1.4}{\376\377\0001\000.\0004\000\040\000O\000b\000j\000e\000t\000i\000v\000o\000s\000\040\000y\000\040\000a\000l\000c\000a\000n\000c\000e\000\040\000d\000e\000l\000\040\000p\000r\000o\000y\000e\000c\000t\000o}{chapter.1}% 11
\BOOKMARK [2][]{subsection.1.4.1}{\376\377\0001\000.\0004\000.\0001\000\040\000O\000b\000j\000e\000t\000i\000v\000o\000\040\000g\000e\000n\000e\000r\000a\000l}{section.1.4}% 12
\BOOKMARK [2][]{subsection.1.4.2}{\376\377\0001\000.\0004\000.\0002\000\040\000O\000b\000j\000e\000t\000i\000v\000o\000s\000\040\000e\000s\000p\000e\000c\000\355\000f\000i\000c\000o\000s}{section.1.4}% 13
\BOOKMARK [2][]{subsection.1.4.3}{\376\377\0001\000.\0004\000.\0003\000\040\000A\000l\000c\000a\000n\000c\000e\000s}{section.1.4}% 14
\BOOKMARK [1][]{section.1.5}{\376\377\0001\000.\0005\000\040\000M\000e\000t\000o\000d\000o\000l\000o\000g\000\355\000a\000\040\000y\000\040\000h\000e\000r\000r\000a\000m\000i\000e\000n\000t\000a\000s\000\040\000u\000t\000i\000l\000i\000z\000a\000d\000a\000s}{chapter.1}% 15
\BOOKMARK [2][]{subsection.1.5.1}{\376\377\0001\000.\0005\000.\0001\000\040\000M\000e\000t\000o\000d\000o\000l\000o\000g\000\355\000a}{section.1.5}% 16
\BOOKMARK [2][]{subsection.1.5.2}{\376\377\0001\000.\0005\000.\0002\000\040\000H\000e\000r\000r\000a\000m\000i\000e\000n\000t\000a\000s\000\040\000d\000e\000\040\000d\000e\000s\000a\000r\000r\000o\000l\000l\000o}{section.1.5}% 17
\BOOKMARK [1][]{section.1.6}{\376\377\0001\000.\0006\000\040\000O\000r\000g\000a\000n\000i\000z\000a\000c\000i\000\363\000n\000\040\000d\000e\000l\000\040\000d\000o\000c\000u\000m\000e\000n\000t\000o}{chapter.1}% 18
\BOOKMARK [0][]{chapter.2}{\376\377\0002\000\040\000A\000n\000t\000e\000c\000e\000d\000e\000n\000t\000e\000s}{}% 19
\BOOKMARK [1][]{section.2.1}{\376\377\0002\000.\0001\000\040\000E\000l\000\040\000c\000\341\000n\000c\000e\000r\000\040\000c\000o\000m\000o\000\040\000p\000r\000o\000b\000l\000e\000m\000a\000\040\000d\000e\000\040\000s\000a\000l\000u\000d\000\040\000p\000\372\000b\000l\000i\000c\000a\000\040\000y\000\040\000s\000u\000\040\000i\000m\000p\000a\000c\000t\000o}{chapter.2}% 20
\BOOKMARK [2][]{subsection.2.1.1}{\376\377\0002\000.\0001\000.\0001\000\040\000D\000e\000f\000i\000n\000i\000c\000i\000\363\000n\000\040\000d\000e\000\040\000c\000\341\000n\000c\000e\000r}{section.2.1}% 21
\BOOKMARK [2][]{subsection.2.1.2}{\376\377\0002\000.\0001\000.\0002\000\040\000I\000m\000p\000a\000c\000t\000o\000\040\000g\000l\000o\000b\000a\000l\000\040\000d\000e\000l\000\040\000c\000\341\000n\000c\000e\000r}{section.2.1}% 22
\BOOKMARK [2][]{subsection.2.1.3}{\376\377\0002\000.\0001\000.\0003\000\040\000E\000p\000i\000d\000e\000m\000i\000o\000l\000o\000g\000\355\000a\000\040\000e\000\040\000i\000m\000p\000a\000c\000t\000o\000\040\000s\000o\000c\000i\000o\000e\000c\000o\000n\000\363\000m\000i\000c\000o\000\040\000d\000e\000l\000\040\000c\000\341\000n\000c\000e\000r\000\040\000e\000n\000\040\000C\000h\000i\000l\000e}{section.2.1}% 23
\BOOKMARK [2][]{subsection.2.1.4}{\376\377\0002\000.\0001\000.\0004\000\040\000C\000l\000a\000s\000i\000f\000i\000c\000a\000c\000i\000\363\000n\000\040\000y\000\040\000c\000a\000r\000a\000c\000t\000e\000r\000i\000z\000a\000c\000i\000\363\000n\000\040\000d\000e\000\040\000l\000a\000s\000\040\000n\000e\000o\000p\000l\000a\000s\000i\000a\000s\000\040\000m\000a\000l\000i\000g\000n\000a\000s}{section.2.1}% 24
\BOOKMARK [1][]{section.2.2}{\376\377\0002\000.\0002\000\040\000S\000i\000s\000t\000e\000m\000a\000\040\000d\000e\000\040\000G\000r\000u\000p\000o\000s\000\040\000R\000e\000l\000a\000c\000i\000o\000n\000a\000d\000o\000s\000\040\000p\000o\000r\000\040\000e\000l\000\040\000D\000i\000a\000g\000n\000\363\000s\000t\000i\000c\000o\000\040\000\050\000G\000R\000D\000\051}{chapter.2}% 25
\BOOKMARK [2][]{subsection.2.2.1}{\376\377\0002\000.\0002\000.\0001\000\040\000O\000r\000i\000g\000e\000n\000\040\000y\000\040\000e\000v\000o\000l\000u\000c\000i\000\363\000n\000\040\000d\000e\000l\000\040\000m\000o\000d\000e\000l\000o\000\040\000G\000R\000D\000\040\000e\000n\000\040\000C\000h\000i\000l\000e}{section.2.2}% 26
\BOOKMARK [2][]{subsection.2.2.2}{\376\377\0002\000.\0002\000.\0002\000\040\000E\000s\000t\000r\000u\000c\000t\000u\000r\000a\000\040\000d\000e\000\040\000d\000a\000t\000o\000s\000\040\000y\000\040\000c\000o\000m\000p\000o\000n\000e\000n\000t\000e\000s\000\040\000d\000e\000l\000\040\000e\000s\000t\000\341\000n\000d\000a\000r\000\040\000I\000R\000-\000G\000R\000D}{section.2.2}% 27
\BOOKMARK [2][]{subsection.2.2.3}{\376\377\0002\000.\0002\000.\0003\000\040\000R\000e\000l\000e\000v\000a\000n\000c\000i\000a\000\040\000d\000e\000\040\000l\000o\000s\000\040\000p\000r\000o\000c\000e\000d\000i\000m\000i\000e\000n\000t\000o\000s\000\040\000m\000\351\000d\000i\000c\000o\000s\000\040\000y\000\040\000q\000u\000i\000r\000\372\000r\000g\000i\000c\000o\000s\000\040\000e\000n\000\040\000l\000a\000\040\000g\000e\000s\000t\000i\000\363\000n\000\040\000h\000o\000s\000p\000i\000t\000a\000l\000a\000r\000i\000a}{section.2.2}% 28
\BOOKMARK [1][]{section.2.3}{\376\377\0002\000.\0003\000\040\000M\000a\000r\000c\000o\000\040\000t\000e\000\363\000r\000i\000c\000o\000\040\000m\000e\000t\000o\000d\000o\000l\000\363\000g\000i\000c\000o\000\040\000y\000\040\000c\000o\000m\000p\000u\000t\000a\000c\000i\000o\000n\000a\000l}{chapter.2}% 29
\BOOKMARK [2][]{subsection.2.3.1}{\376\377\0002\000.\0003\000.\0001\000\040\000R\000e\000m\000u\000e\000s\000t\000r\000e\000o\000\040\000e\000s\000t\000a\000d\000\355\000s\000t\000i\000c\000o\000\040\000y\000\040\000r\000o\000b\000u\000s\000t\000e\000z\000\040\000m\000e\000d\000i\000a\000n\000t\000e\000\040\000B\000o\000o\000t\000s\000t\000r\000a\000p\000p\000i\000n\000g}{section.2.3}% 30
\BOOKMARK [2][]{subsection.2.3.2}{\376\377\0002\000.\0003\000.\0002\000\040\000M\000o\000d\000e\000l\000o\000s\000\040\000d\000e\000\040\000a\000p\000r\000e\000n\000d\000i\000z\000a\000j\000e\000\040\000a\000u\000t\000o\000m\000\341\000t\000i\000c\000o\000\040\000y\000\040\000a\000l\000g\000o\000r\000i\000t\000m\000o\000s\000\040\000d\000e\000\040\000e\000n\000s\000a\000m\000b\000l\000e}{section.2.3}% 31
\BOOKMARK [2][]{subsection.2.3.3}{\376\377\0002\000.\0003\000.\0003\000\040\000I\000n\000t\000e\000l\000i\000g\000e\000n\000c\000i\000a\000\040\000a\000r\000t\000i\000f\000i\000c\000i\000a\000l\000\040\000e\000x\000p\000l\000i\000c\000a\000b\000l\000e\000\040\000\050\000X\000A\000I\000\051\000\040\000y\000\040\000v\000a\000l\000o\000r\000e\000s\000\040\000d\000e\000\040\000S\000h\000a\000p\000l\000e\000y\000\040\000\050\000S\000H\000A\000P\000\051}{section.2.3}% 32
\BOOKMARK [1][]{section.2.4}{\376\377\0002\000.\0004\000\040\000E\000s\000t\000a\000d\000o\000\040\000d\000e\000l\000\040\000a\000r\000t\000e}{chapter.2}% 33
\BOOKMARK [2][]{subsection.2.4.1}{\376\377\0002\000.\0004\000.\0001\000\040\000E\000s\000t\000r\000a\000t\000e\000g\000i\000a\000\040\000d\000e\000\040\000b\000\372\000s\000q\000u\000e\000d\000a\000\040\000y\000\040\000s\000e\000l\000e\000c\000c\000i\000\363\000n\000\040\000d\000e\000\040\000e\000s\000t\000u\000d\000i\000o\000s}{section.2.4}% 34
\BOOKMARK [2][]{subsection.2.4.2}{\376\377\0002\000.\0004\000.\0002\000\040\000E\000s\000t\000u\000d\000i\000o\000s\000\040\000s\000o\000b\000r\000e\000\040\000c\000a\000r\000a\000c\000t\000e\000r\000i\000z\000a\000c\000i\000\363\000n\000\040\000d\000e\000\040\000c\000o\000h\000o\000r\000t\000e\000s\000\040\000o\000n\000c\000o\000l\000\363\000g\000i\000c\000a\000s\000\040\000m\000e\000d\000i\000a\000n\000t\000e\000\040\000a\000p\000r\000e\000n\000d\000i\000z\000a\000j\000e\000\040\000a\000u\000t\000o\000m\000\341\000t\000i\000c\000o\000\040\000e\000\040\000i\000n\000t\000e\000l\000i\000g\000e\000n\000c\000i\000a\000\040\000a\000r\000t\000i\000f\000i\000c\000i\000a\000l\000\040\000e\000x\000p\000l\000i\000c\000a\000b\000l\000e}{section.2.4}% 35
\BOOKMARK [2][]{subsection.2.4.3}{\376\377\0002\000.\0004\000.\0003\000\040\000C\000a\000r\000a\000c\000t\000e\000r\000i\000z\000a\000c\000i\000\363\000n\000\040\000d\000e\000\040\000c\000o\000h\000o\000r\000t\000e\000s\000\040\000o\000n\000c\000o\000l\000\363\000g\000i\000c\000a\000s\000\040\000m\000e\000d\000i\000a\000n\000t\000e\000\040\000a\000n\000\341\000l\000i\000s\000i\000s\000\040\000e\000p\000i\000d\000e\000m\000i\000o\000l\000\363\000g\000i\000c\000o\000\040\000y\000\040\000e\000s\000t\000a\000d\000\355\000s\000t\000i\000c\000a\000\040\000d\000e\000s\000c\000r\000i\000p\000t\000i\000v\000a}{section.2.4}% 36
\BOOKMARK [2][]{subsection.2.4.4}{\376\377\0002\000.\0004\000.\0004\000\040\000E\000n\000f\000o\000q\000u\000e\000s\000\040\000d\000e\000\040\000s\000o\000l\000u\000c\000i\000\363\000n}{section.2.4}% 37
\BOOKMARK [2][]{subsection.2.4.5}{\376\377\0002\000.\0004\000.\0005\000\040\000J\000u\000s\000t\000i\000f\000i\000c\000a\000c\000i\000\363\000n\000\040\000d\000e\000l\000\040\000e\000n\000f\000o\000q\000u\000e\000\040\000s\000e\000l\000e\000c\000c\000i\000o\000n\000a\000d\000o}{section.2.4}% 38
\BOOKMARK [0][]{chapter.3}{\376\377\0003\000\040\000M\000a\000r\000c\000o\000\040\000M\000e\000t\000o\000d\000o\000l\000\363\000g\000i\000c\000o}{}% 39
\BOOKMARK [1][]{section.3.1}{\376\377\0003\000.\0001\000\040\000F\000a\000s\000e\000\040\0001\000:\000\040\000E\000n\000t\000e\000n\000d\000i\000m\000i\000e\000n\000t\000o\000\040\000d\000e\000l\000\040\000p\000r\000o\000b\000l\000e\000m\000a\000\040\000\050\000B\000u\000s\000i\000n\000e\000s\000s\000\040\000U\000n\000d\000e\000r\000s\000t\000a\000n\000d\000i\000n\000g\000\051}{chapter.3}% 40
\BOOKMARK [1][]{section.3.2}{\376\377\0003\000.\0002\000\040\000F\000a\000s\000e\000\040\0002\000:\000\040\000C\000o\000m\000p\000r\000e\000n\000s\000i\000\363\000n\000\040\000y\000\040\000p\000r\000e\000p\000a\000r\000a\000c\000i\000\363\000n\000\040\000i\000n\000i\000c\000i\000a\000l\000\040\000d\000e\000\040\000l\000o\000s\000\040\000d\000a\000t\000o\000s}{chapter.3}% 41
\BOOKMARK [2][]{subsection.3.2.1}{\376\377\0003\000.\0002\000.\0001\000\040\000A\000d\000q\000u\000i\000s\000i\000c\000i\000\363\000n\000\040\000e\000\040\000i\000d\000e\000n\000t\000i\000f\000i\000c\000a\000c\000i\000\363\000n\000\040\000d\000e\000\040\000f\000o\000r\000m\000a\000t\000o\000s}{section.3.2}% 42
\BOOKMARK [2][]{subsection.3.2.2}{\376\377\0003\000.\0002\000.\0002\000\040\000L\000i\000m\000p\000i\000e\000z\000a\000\040\000b\000\341\000s\000i\000c\000a\000\040\000y\000\040\000c\000l\000a\000s\000i\000f\000i\000c\000a\000c\000i\000\363\000n\000\040\000d\000e\000\040\000l\000a\000\040\000c\000o\000h\000o\000r\000t\000e\000\040\000o\000n\000c\000o\000l\000\363\000g\000i\000c\000a}{section.3.2}% 43
\BOOKMARK [2][]{subsection.3.2.3}{\376\377\0003\000.\0002\000.\0003\000\040\000A\000n\000\341\000l\000i\000s\000i\000s\000\040\000d\000e\000\040\000v\000a\000r\000i\000a\000b\000l\000e\000s\000\040\000i\000d\000e\000n\000t\000i\000f\000i\000c\000a\000d\000o\000r\000a\000s}{section.3.2}% 44
\BOOKMARK [2][]{subsection.3.2.4}{\376\377\0003\000.\0002\000.\0004\000\040\000A\000n\000\341\000l\000i\000s\000i\000s\000\040\000d\000e\000\040\000d\000i\000s\000t\000r\000i\000b\000u\000c\000i\000\363\000n\000\040\000y\000\040\000c\000a\000r\000d\000i\000n\000a\000l\000i\000d\000a\000d\000\040\000d\000e\000\040\000v\000a\000r\000i\000a\000b\000l\000e\000s\000\040\000c\000a\000t\000e\000g\000\363\000r\000i\000c\000a\000s}{section.3.2}% 45
\BOOKMARK [2][]{subsection.3.2.5}{\376\377\0003\000.\0002\000.\0005\000\040\000A\000n\000\341\000l\000i\000s\000i\000s\000\040\000d\000e\000\040\000v\000a\000r\000i\000a\000b\000l\000e\000s\000\040\000t\000e\000m\000p\000o\000r\000a\000l\000e\000s}{section.3.2}% 46
\BOOKMARK [2][]{subsection.3.2.6}{\376\377\0003\000.\0002\000.\0006\000\040\000L\000i\000m\000p\000i\000e\000z\000a\000\040\000y\000\040\000n\000o\000r\000m\000a\000l\000i\000z\000a\000c\000i\000\363\000n\000\040\000d\000e\000\040\000v\000a\000r\000i\000a\000b\000l\000e\000s\000\040\000n\000u\000m\000\351\000r\000i\000c\000a\000s}{section.3.2}% 47
\BOOKMARK [2][]{subsection.3.2.7}{\376\377\0003\000.\0002\000.\0007\000\040\000P\000r\000o\000c\000e\000s\000a\000m\000i\000e\000n\000t\000o\000\040\000d\000e\000\040\000l\000a\000s\000\040\000v\000a\000r\000i\000a\000b\000l\000e\000s\000\040\000o\000b\000j\000e\000t\000i\000v\000o\000\040\000\050\000T\000a\000r\000g\000e\000t\000s\000\051}{section.3.2}% 48
\BOOKMARK [2][]{subsection.3.2.8}{\376\377\0003\000.\0002\000.\0008\000\040\000S\000i\000m\000u\000l\000a\000c\000i\000\363\000n\000\040\000d\000e\000\040\000i\000m\000p\000a\000c\000t\000o\000\040\000y\000\040\000r\000e\000d\000u\000c\000c\000i\000\363\000n\000\040\000d\000e\000\040\000c\000a\000r\000d\000i\000n\000a\000l\000i\000d\000a\000d}{section.3.2}% 49
\BOOKMARK [2][]{subsection.3.2.9}{\376\377\0003\000.\0002\000.\0009\000\040\000I\000n\000g\000e\000n\000i\000e\000r\000\355\000a\000\040\000d\000e\000\040\000c\000a\000r\000a\000c\000t\000e\000r\000\355\000s\000t\000i\000c\000a\000s\000\040\000\050\000F\000e\000a\000t\000u\000r\000e\000\040\000E\000n\000g\000i\000n\000e\000e\000r\000i\000n\000g\000\051}{section.3.2}% 50
\BOOKMARK [2][]{subsection.3.2.10}{\376\377\0003\000.\0002\000.\0001\0000\000\040\000A\000n\000\341\000l\000i\000s\000i\000s\000\040\000d\000e\000\040\000c\000o\000r\000r\000e\000l\000a\000c\000i\000\363\000n\000\040\000y\000\040\000r\000e\000d\000u\000c\000c\000i\000\363\000n\000\040\000d\000e\000\040\000m\000u\000l\000t\000i\000c\000o\000l\000i\000n\000e\000a\000l\000i\000d\000a\000d}{section.3.2}% 51
\BOOKMARK [2][]{subsection.3.2.11}{\376\377\0003\000.\0002\000.\0001\0001\000\040\000C\000o\000d\000i\000f\000i\000c\000a\000c\000i\000\363\000n\000\040\000O\000n\000e\000-\000H\000o\000t\000\040\000y\000\040\000p\000a\000r\000t\000i\000c\000i\000\363\000n\000\040\000e\000s\000t\000r\000a\000t\000i\000f\000i\000c\000a\000d\000a\000\040\000d\000e\000l\000\040\000c\000o\000n\000j\000u\000n\000t\000o\000\040\000d\000e\000\040\000d\000a\000t\000o\000s}{section.3.2}% 52
\BOOKMARK [1][]{section.3.3}{\376\377\0003\000.\0003\000\040\000F\000a\000s\000e\000\040\0004\000:\000\040\000M\000o\000d\000e\000l\000a\000d\000o\000\040\000a\000l\000g\000o\000r\000\355\000t\000m\000i\000c\000o\000\040\000\050\000M\000o\000d\000e\000l\000i\000n\000g\000\051}{chapter.3}% 53
\BOOKMARK [2][]{subsection.3.3.1}{\376\377\0003\000.\0003\000.\0001\000\040\000E\000s\000t\000r\000a\000t\000e\000g\000i\000a\000\040\000d\000e\000\040\000b\000a\000l\000a\000n\000c\000e\000o\000\040\000b\000a\000s\000a\000l}{section.3.3}% 54
\BOOKMARK [2][]{subsection.3.3.2}{\376\377\0003\000.\0003\000.\0002\000\040\000S\000e\000l\000e\000c\000c\000i\000\363\000n\000\040\000y\000\040\000e\000n\000t\000r\000e\000n\000a\000m\000i\000e\000n\000t\000o\000\040\000d\000e\000\040\000a\000l\000g\000o\000r\000i\000t\000m\000o\000s}{section.3.3}% 55
\BOOKMARK [2][]{subsection.3.3.3}{\376\377\0003\000.\0003\000.\0003\000\040\000V\000a\000l\000i\000d\000a\000c\000i\000\363\000n\000\040\000d\000e\000\040\000e\000s\000t\000a\000b\000i\000l\000i\000d\000a\000d\000\040\000d\000e\000\040\000v\000a\000r\000i\000a\000b\000l\000e\000s\000\040\000m\000e\000d\000i\000a\000n\000t\000e\000\040\000B\000o\000o\000t\000s\000t\000r\000a\000p\000p\000i\000n\000g}{section.3.3}% 56
\BOOKMARK [1][]{section.3.4}{\376\377\0003\000.\0004\000\040\000F\000a\000s\000e\000\040\0005\000:\000\040\000E\000v\000a\000l\000u\000a\000c\000i\000\363\000n\000\040\000d\000e\000\040\000l\000o\000s\000\040\000m\000o\000d\000e\000l\000o\000s\000\040\000\050\000E\000v\000a\000l\000u\000a\000t\000i\000o\000n\000\051}{chapter.3}% 57
\BOOKMARK [0][]{chapter.4}{\376\377\0004\000\040\000R\000e\000s\000u\000l\000t\000a\000d\000o\000s\000\040\000y\000\040\000a\000n\000\341\000l\000i\000s\000i\000s}{}% 58
\BOOKMARK [1][]{section.4.1}{\376\377\0004\000.\0001\000\040\000R\000e\000s\000u\000l\000t\000a\000d\000o\000s\000\040\000d\000e\000\040\000l\000a\000\040\000e\000x\000p\000l\000o\000r\000a\000c\000i\000\363\000n\000\040\000d\000e\000\040\000d\000a\000t\000o\000s\000\040\000\050\000F\000a\000s\000e\000\040\0002\000\051}{chapter.4}% 59
\BOOKMARK [2][]{subsection.4.1.1}{\376\377\0004\000.\0001\000.\0001\000\040\000R\000e\000s\000u\000l\000t\000a\000d\000o\000s\000\040\000d\000e\000l\000\040\000a\000n\000\341\000l\000i\000s\000i\000s\000\040\000d\000e\000\040\000l\000o\000s\000\040\000a\000r\000c\000h\000i\000v\000o\000s\000\040\000b\000r\000u\000t\000o\000s\000\040\000d\000e\000\040\000G\000R\000D}{section.4.1}% 60
\BOOKMARK [2][]{subsection.4.1.2}{\376\377\0004\000.\0001\000.\0002\000\040\000D\000i\000s\000t\000r\000i\000b\000u\000c\000i\000\363\000n\000\040\000o\000n\000c\000o\000l\000\363\000g\000i\000c\000a\000\040\000y\000\040\000c\000o\000n\000t\000r\000o\000l\000\040\000d\000e\000\040\000l\000a\000\040\000c\000o\000h\000o\000r\000t\000e}{section.4.1}% 61
\BOOKMARK [1][]{section.4.2}{\376\377\0004\000.\0002\000\040\000A\000n\000\341\000l\000i\000s\000i\000s\000\040\000d\000e\000\040\000v\000a\000r\000i\000a\000b\000l\000e\000s\000\040\000d\000e\000m\000o\000g\000r\000\341\000f\000i\000c\000a\000s\000,\000\040\000c\000l\000\355\000n\000i\000c\000a\000s\000\040\000y\000\040\000h\000o\000s\000p\000i\000t\000a\000l\000a\000r\000i\000a\000s}{chapter.4}% 62
\BOOKMARK [2][]{subsection.4.2.1}{\376\377\0004\000.\0002\000.\0001\000\040\000A\000n\000\341\000l\000i\000s\000i\000s\000\040\000d\000e\000\040\000v\000a\000r\000i\000a\000b\000l\000e\000s\000\040\000i\000d\000e\000n\000t\000i\000f\000i\000c\000a\000d\000o\000r\000a\000s}{section.4.2}% 63
\BOOKMARK [2][]{subsection.4.2.2}{\376\377\0004\000.\0002\000.\0002\000\040\000A\000n\000\341\000l\000i\000s\000i\000s\000\040\000d\000e\000\040\000v\000a\000r\000i\000a\000b\000l\000e\000s\000\040\000t\000e\000m\000p\000o\000r\000a\000l\000e\000s}{section.4.2}% 64
\BOOKMARK [2][]{subsection.4.2.3}{\376\377\0004\000.\0002\000.\0003\000\040\000A\000n\000\341\000l\000i\000s\000i\000s\000\040\000d\000e\000\040\000v\000a\000r\000i\000a\000b\000l\000e\000s\000\040\000c\000a\000t\000e\000g\000\363\000r\000i\000c\000a\000s}{section.4.2}% 65
\BOOKMARK [3][]{subsubsection.4.2.3.1}{\376\377\0004\000.\0002\000.\0003\000.\0001\000\040\000V\000a\000r\000i\000a\000b\000l\000e\000s\000\040\000c\000a\000t\000e\000g\000\363\000r\000i\000c\000a\000s\000\040\000o\000b\000j\000e\000t\000i\000v\000o\000\040\000\050\000t\000a\000r\000g\000e\000t\000s\000\051}{subsection.4.2.3}% 66
\BOOKMARK [3][]{subsubsection.4.2.3.2}{\376\377\0004\000.\0002\000.\0003\000.\0002\000\040\000V\000a\000r\000i\000a\000b\000l\000e\000s\000\040\000c\000a\000t\000e\000g\000\363\000r\000i\000c\000a\000s\000\040\000d\000e\000\040\000e\000n\000t\000r\000a\000d\000a}{subsection.4.2.3}% 67
\BOOKMARK [2][]{subsection.4.2.4}{\376\377\0004\000.\0002\000.\0004\000\040\000A\000n\000\341\000l\000i\000s\000i\000s\000\040\000d\000e\000\040\000v\000a\000r\000i\000a\000b\000l\000e\000s\000\040\000n\000u\000m\000\351\000r\000i\000c\000a\000s}{section.4.2}% 68
\BOOKMARK [3][]{subsubsection.4.2.4.1}{\376\377\0004\000.\0002\000.\0004\000.\0001\000\040\000V\000a\000r\000i\000a\000b\000l\000e\000\040\000n\000u\000m\000\351\000r\000i\000c\000a\000\040\000o\000b\000j\000e\000t\000i\000v\000o\000\040\000\050\000c\000o\000n\000s\000u\000m\000o\000\040\000d\000e\000\040\000r\000e\000c\000u\000r\000s\000o\000s\000\051}{subsection.4.2.4}% 69
\BOOKMARK [3][]{subsubsection.4.2.4.2}{\376\377\0004\000.\0002\000.\0004\000.\0002\000\040\000A\000n\000\341\000l\000i\000s\000i\000s\000\040\000d\000e\000\040\000v\000a\000r\000i\000a\000b\000l\000e\000s\000\040\000n\000u\000m\000\351\000r\000i\000c\000a\000s\000\040\000d\000e\000\040\000e\000n\000t\000r\000a\000d\000a}{subsection.4.2.4}% 70
\BOOKMARK [1][]{section.4.3}{\376\377\0004\000.\0003\000\040\000R\000e\000s\000u\000l\000t\000a\000d\000o\000s\000\040\000d\000e\000l\000\040\000p\000r\000o\000c\000e\000s\000a\000m\000i\000e\000n\000t\000o\000\040\000d\000e\000\040\000v\000a\000r\000i\000a\000b\000l\000e\000s\000\040\000o\000b\000j\000e\000t\000i\000v\000o}{chapter.4}% 71
\BOOKMARK [1][]{section.4.4}{\376\377\0004\000.\0004\000\040\000R\000e\000s\000u\000l\000t\000a\000d\000o\000s\000\040\000d\000e\000l\000\040\000p\000r\000o\000c\000e\000s\000a\000m\000i\000e\000n\000t\000o\000\040\000d\000e\000\040\000v\000a\000r\000i\000a\000b\000l\000e\000s\000\040\000d\000e\000\040\000e\000n\000t\000r\000a\000d\000a}{chapter.4}% 72
\BOOKMARK [1][]{section.4.5}{\376\377\0004\000.\0005\000\040\000R\000e\000s\000u\000l\000t\000a\000d\000o\000s\000\040\000d\000e\000\040\000l\000a\000\040\000g\000e\000n\000e\000r\000a\000c\000i\000\363\000n\000\040\000d\000e\000\040\000v\000a\000r\000i\000a\000b\000l\000e\000s\000\040\000d\000e\000r\000i\000v\000a\000d\000a\000s}{chapter.4}% 73
\BOOKMARK [2][]{subsection.4.5.1}{\376\377\0004\000.\0005\000.\0001\000\040\000A\000n\000\341\000l\000i\000s\000i\000s\000\040\000d\000e\000\040\000l\000a\000s\000\040\000v\000a\000r\000i\000a\000b\000l\000e\000s\000\040\000d\000e\000r\000i\000v\000a\000d\000a\000s\000\040\000c\000a\000t\000e\000g\000\363\000r\000i\000c\000a\000s}{section.4.5}% 74
\BOOKMARK [2][]{subsection.4.5.2}{\376\377\0004\000.\0005\000.\0002\000\040\000C\000o\000m\000p\000o\000r\000t\000a\000m\000i\000e\000n\000t\000o\000\040\000d\000e\000\040\000l\000a\000s\000\040\000V\000a\000r\000i\000a\000b\000l\000e\000s\000\040\000N\000u\000m\000\351\000r\000i\000c\000a\000s\000\040\000D\000e\000r\000i\000v\000a\000d\000a\000s}{section.4.5}% 75
\BOOKMARK [2][]{subsection.4.5.3}{\376\377\0004\000.\0005\000.\0003\000\040\000D\000e\000p\000u\000r\000a\000c\000i\000\363\000n\000\040\000d\000e\000\040\000A\000n\000o\000m\000a\000l\000\355\000a\000s\000\040\000T\000e\000m\000p\000o\000r\000a\000l\000e\000s}{section.4.5}% 76
\BOOKMARK [0][]{chapter.5}{\376\377\0005\000\040\000C\000o\000n\000c\000l\000u\000s\000i\000o\000n\000e\000s}{}% 77
\BOOKMARK [0][]{chapter.5}{\376\377\000G\000l\000o\000s\000a\000r\000i\000o}{}% 78
\BOOKMARK [0][]{chapter*.56}{\376\377\000R\000e\000f\000e\000r\000e\000n\000c\000i\000a\000s\000\040\000b\000i\000b\000l\000i\000o\000g\000r\000\341\000f\000i\000c\000a\000s}{}% 79
\BOOKMARK [0][]{chapter*.57}{\376\377\000A\000n\000e\000x\000o\000s}{}% 80
\BOOKMARK [0][]{chapter.1}{\376\377\000A\000\040\000T\000\355\000t\000u\000l\000o\000\040\000d\000e\000l\000\040\000a\000n\000e\000x\000o\000\040\000e\000j\000e\000m\000p\000l\000o}{}% 81
\BOOKMARK [0][]{chapter.1}{\376\377\000A\000p\000\351\000n\000d\000i\000c\000e\000s}{}% 82
\BOOKMARK [0][]{chapter.1}{\376\377\000A\000\040\000T\000\355\000t\000u\000l\000o\000\040\000d\000e\000l\000\040\000a\000p\000\351\000n\000d\000i\000c\000e\000\040\000e\000j\000e\000m\000p\000l\000o}{}% 83
